#
# A fatal error has been detected by the Java Runtime Environment:
#
#  EXCEPTION_ACCESS_VIOLATION (0xc0000005) at pc=0x00000000773e2f86, pid=6060, tid=7812
#
# JRE version: 7.0_11-b21
# Java VM: Java HotSpot(TM) 64-Bit Server VM (23.6-b04 mixed mode windows-amd64 compressed oops)
# Problematic frame:
# C  [ntdll.dll+0x52f86]
#
# Failed to write core dump. Minidumps are not enabled by default on client versions of Windows
#
# If you would like to submit a bug report, please visit:
#   http://bugreport.sun.com/bugreport/crash.jsp
# The crash happened outside the Java Virtual Machine in native code.
# See problematic frame for where to report the bug.
#

---------------  T H R E A D  ---------------

Current thread (0x00000000227a9000):  JavaThread "main" [_thread_in_native, id=7812, stack(0x0000000000030000,0x0000000004030000)]

siginfo: ExceptionCode=0xc0000005, writing address 0x0000000013be16d0

Registers:
RAX=0x000007fef9405495, RBX=0x0000000004020c40, RCX=0x0000000013be16c8, RDX=0x00000000040205b0
RSP=0x0000000004020490, RBP=0x000007fec5dfcb08, RSI=0x0000000000000000, RDI=0x0000000013be16a0
R8 =0x000007fffffde000, R9 =0x8be24bff005b3944, R10=0x000000000000001d, R11=0x8101010101010100
R12=0x0000000000000000, R13=0x0000000000000001, R14=0x00000000040205b0, R15=0x0000000000004000
RIP=0x00000000773e2f86, EFLAGS=0x0000000000010206

Top of Stack: (sp=0x0000000004020490)
0x0000000004020490:   0000000800000005 0000000000000005
0x00000000040204a0:   0000019b0004000a 0000000004218620
0x00000000040204b0:   0000000004020c40 000007fefd09588e
0x00000000040204c0:   000007fe02080004 00000000597ce268
0x00000000040204d0:   00000000597ce240 0000000113ac0676
0x00000000040204e0:   0000000113ac0670 0000000113a5cf00
0x00000000040204f0:   0072006102080008 0000000113ac0670
0x0000000004020500:   00002b2800480005 0000000004218620
0x0000000004020510:   0000000000000000 0000000000060004
0x0000000004020520:   0000000113a5cf00 0000000004020638
0x0000000004020530:   0000000000000000 0000000000000001
0x0000000004020540:   000000000000001e 000000010f16e980
0x0000000004020550:   0000000000000000 0000000004020850
0x0000000004020560:   0000000000000000 000007fefd0cc021
0x0000000004020570:   0000000000000001 0000000004020c40
0x0000000004020580:   0000000013be16a0 0000000000000005 

Instructions: (pc=0x00000000773e2f86)
0x00000000773e2f66:   f0 48 0f c3 51 f8 75 d0 f0 80 0c 24 00 e9 56 ff
0x00000000773e2f76:   ff ff 90 90 90 90 90 90 90 90 ff f3 48 83 ec 20
0x00000000773e2f86:   f0 0f ba 71 08 00 48 8b d9 0f 83 59 b2 ff ff 65
0x00000000773e2f96:   48 8b 04 25 30 00 00 00 48 8b 48 48 c7 43 0c 01 


Register to memory mapping:

RAX=0x000007fef9405495 is an unknown value
RBX=0x0000000004020c40 is pointing into the stack for thread: 0x00000000227a9000
RCX=0x0000000013be16c8 is an unknown value
RDX=0x00000000040205b0 is pointing into the stack for thread: 0x00000000227a9000
RSP=0x0000000004020490 is pointing into the stack for thread: 0x00000000227a9000
RBP=0x000007fec5dfcb08 is an unknown value
RSI=0x0000000000000000 is an unknown value
RDI=0x0000000013be16a0 is an unknown value
R8 =0x000007fffffde000 is an unknown value
R9 =0x8be24bff005b3944 is an unknown value
R10=0x000000000000001d is an unknown value
R11=0x8101010101010100 is an unknown value
R12=0x0000000000000000 is an unknown value
R13=0x0000000000000001 is an unknown value
R14=0x00000000040205b0 is pointing into the stack for thread: 0x00000000227a9000
R15=0x0000000000004000 is an unknown value


Stack: [0x0000000000030000,0x0000000004030000],  sp=0x0000000004020490,  free space=65473k
Native frames: (J=compiled Java code, j=interpreted, Vv=VM code, C=native code)
C  [ntdll.dll+0x52f86]

Java frames: (J=compiled Java code, j=interpreted, Vv=VM code)
j  com.altera.dspbuilder.portmanager.PortManager.checkOut()Z+0
j  com.altera.dspbuilder.serialisation.ModelSerialiser.<init>(Lcom/altera/dspbuilder/simulink/SimulinkPath;Ljava/lang/String;Ljava/util/Date;Z)V+26
j  com.altera.dspbuilder.serialisation.ModelSerialiser.<init>(Lcom/altera/dspbuilder/simulink/SimulinkPath;Ljava/lang/String;Z)V+11
j  com.altera.dspbuilder.serialisation.ModelSerialiser.<init>(Ljava/lang/String;Ljava/lang/String;Z)V+11
v  ~StubRoutines::call_stub

---------------  P R O C E S S  ---------------

Java Threads: ( => current thread )
  0x000000011c418000 JavaThread "Thread-153" [_thread_blocked, id=5044, stack(0x000000012c000000,0x0000000130000000)]
  0x0000000101e48800 JavaThread "Foxtrot Multi Worker Thread Runner #1" daemon [_thread_blocked, id=8828, stack(0x0000000118140000,0x000000011c140000)]
  0x000000005a375800 JavaThread "Swing-Shell" daemon [_thread_blocked, id=9196, stack(0x0000000120000000,0x0000000124000000)]
  0x000000005a375000 JavaThread "ClipboardMonitor Timer" daemon [_thread_blocked, id=8224, stack(0x00000000d8000000,0x00000000dc000000)]
  0x000000005a372800 JavaThread "Explorer NavigationContext request queue" daemon [_thread_blocked, id=8532, stack(0x00000000d4000000,0x00000000d8000000)]
  0x000000005a36c800 JavaThread "AddressBar directory emptiness poller" daemon [_thread_blocked, id=7896, stack(0x00000000c8000000,0x00000000cc000000)]
  0x000000005a36f000 JavaThread "Explorer Refresh Service 250782197" daemon [_thread_blocked, id=1396, stack(0x00000000c4000000,0x00000000c8000000)]
  0x000000005e39d000 JavaThread "Thread-4" daemon [_thread_blocked, id=8808, stack(0x00000000bc000000,0x00000000c0000000)]
  0x000000005e39c800 JavaThread "TimerQueue" daemon [_thread_blocked, id=8440, stack(0x00000000b0000000,0x00000000b4000000)]
  0x000000005a36c000 JavaThread "Thread-3" daemon [_thread_blocked, id=8200, stack(0x00000000a0000000,0x00000000a4000000)]
  0x000000005a08a000 JavaThread "FelixPackageAdmin" daemon [_thread_blocked, id=9064, stack(0x00000000ac000000,0x00000000b0000000)]
  0x000000005a089000 JavaThread "FelixStartLevel" daemon [_thread_blocked, id=8244, stack(0x00000000a8000000,0x00000000ac000000)]
  0x000000005a035000 JavaThread "FelixDispatchQueue" daemon [_thread_blocked, id=8016, stack(0x00000000a4000000,0x00000000a8000000)]
  0x000000005a1a2000 JavaThread "AWT-EventQueue-0" [_thread_blocked, id=8064, stack(0x000000009c000000,0x00000000a0000000)]
  0x0000000059f5c000 JavaThread "com.google.common.base.internal.Finalizer" daemon [_thread_blocked, id=5756, stack(0x0000000098000000,0x000000009c000000)]
  0x0000000059ed1000 JavaThread "AWT-Windows" daemon [_thread_in_native, id=7600, stack(0x0000000090000000,0x0000000094000000)]
  0x0000000059ed0000 JavaThread "AWT-Shutdown" [_thread_blocked, id=6384, stack(0x000000008c000000,0x0000000090000000)]
  0x0000000059e76000 JavaThread "Java2D Disposer" daemon [_thread_blocked, id=9072, stack(0x0000000088000000,0x000000008c000000)]
  0x0000000059bb6000 JavaThread "Timer-0" [_thread_blocked, id=7668, stack(0x0000000084000000,0x0000000088000000)]
  0x0000000059c3d800 JavaThread "EventMgr Dispatcher" daemon [_thread_in_native, id=8520, stack(0x0000000080000000,0x0000000084000000)]
  0x000000002363a000 JavaThread "Service Thread" daemon [_thread_blocked, id=1348, stack(0x0000000072130000,0x0000000076130000)]
  0x0000000023631000 JavaThread "C2 CompilerThread1" daemon [_thread_blocked, id=8972, stack(0x0000000055770000,0x0000000059770000)]
  0x000000002362c000 JavaThread "C2 CompilerThread0" daemon [_thread_blocked, id=2336, stack(0x0000000051770000,0x0000000055770000)]
  0x00000000235fa000 JavaThread "Attach Listener" daemon [_thread_blocked, id=8180, stack(0x000000004d770000,0x0000000051770000)]
  0x000000002356f000 JavaThread "Finalizer" daemon [_thread_blocked, id=3648, stack(0x0000000049770000,0x000000004d770000)]
  0x0000000023569000 JavaThread "Reference Handler" daemon [_thread_blocked, id=7100, stack(0x0000000045770000,0x0000000049770000)]
=>0x00000000227a9000 JavaThread "main" [_thread_in_native, id=7812, stack(0x0000000000030000,0x0000000004030000)]

Other Threads:
  0x0000000023566000 VMThread [stack: 0x0000000041770000,0x0000000045770000] [id=8876]
  0x000000002368b000 WatcherThread [stack: 0x0000000077570000,0x000000007b570000] [id=4644]

VM state:not at safepoint (normal execution)

VM Mutex/Monitor currently owned by a thread: None

Heap
 PSYoungGen      total 87360K, used 57207K [0x00000000fa000000, 0x0000000100000000, 0x0000000100000000)
  eden space 77248K, 67% used [0x00000000fa000000,0x00000000fd2b4700,0x00000000feb70000)
  from space 10112K, 52% used [0x00000000feb70000,0x00000000ff099558,0x00000000ff550000)
  to   space 10112K, 0% used [0x00000000ff620000,0x00000000ff620000,0x0000000100000000)
 ParOldGen       total 90496K, used 51651K [0x00000000e8000000, 0x00000000ed860000, 0x00000000fa000000)
  object space 90496K, 57% used [0x00000000e8000000,0x00000000eb270f18,0x00000000ed860000)
 PSPermGen       total 106240K, used 60383K [0x00000000e0000000, 0x00000000e67c0000, 0x00000000e8000000)
  object space 106240K, 56% used [0x00000000e0000000,0x00000000e3af7ed0,0x00000000e67c0000)

Card table byte_map: [0x0000000026c10000,0x0000000026d20000] byte_map_base: 0x0000000026510000

Polling page: 0x0000000008420000

Code Cache  [0x0000000023b50000, 0x0000000024000000, 0x0000000026b50000)
 total_blobs=2207 nmethods=1545 adapters=612 free_code_cache=44472Kb largest_free_block=45430784

Compilation events (10 events):
Event: 125.712 Thread 0x000000002362c000 1667             java.util.HashMap::containsKey (14 bytes)
Event: 125.715 Thread 0x000000002362c000 nmethod 1667 0x0000000023f1c910 code [0x0000000023f1ca80, 0x0000000023f1cdc8]
Event: 125.737 Thread 0x0000000023631000 1668             javax.swing.text.Segment::next (41 bytes)
Event: 125.738 Thread 0x0000000023631000 nmethod 1668 0x0000000023ff1610 code [0x0000000023ff1740, 0x0000000023ff17f8]
Event: 125.740 Thread 0x000000002362c000 1669             javax.swing.text.AbstractDocument$LeafElement::getStartOffset (10 bytes)
Event: 125.740 Thread 0x000000002362c000 nmethod 1669 0x0000000023d69f50 code [0x0000000023d6a0a0, 0x0000000023d6a158]
Event: 125.753 Thread 0x0000000023631000 1670             javax.swing.text.GapContent::getArrayLength (14 bytes)
Event: 125.754 Thread 0x0000000023631000 nmethod 1670 0x0000000023fdcdd0 code [0x0000000023fdcf20, 0x0000000023fdcf98]
Event: 125.754 Thread 0x000000002362c000 1671             javax.swing.text.GapContent::length (17 bytes)
Event: 125.754 Thread 0x000000002362c000 nmethod 1671 0x0000000023d69c90 code [0x0000000023d69de0, 0x0000000023d69e78]

GC Heap History (10 events):
Event: 74.093 GC heap before
{Heap before GC invocations=47 (full 2):
 PSYoungGen      total 87424K, used 77959K [0x00000000fa000000, 0x0000000100000000, 0x0000000100000000)
  eden space 76672K, 100% used [0x00000000fa000000,0x00000000feae0000,0x00000000feae0000)
  from space 10752K, 11% used [0x00000000ff580000,0x00000000ff6c1cd8,0x0000000100000000)
  to   space 10816K, 0% used [0x00000000feae0000,0x00000000feae0000,0x00000000ff570000)
 ParOldGen       total 90496K, used 51651K [0x00000000e8000000, 0x00000000ed860000, 0x00000000fa000000)
  object space 90496K, 57% used [0x00000000e8000000,0x00000000eb270f18,0x00000000ed860000)
 PSPermGen       total 106240K, used 57875K [0x00000000e0000000, 0x00000000e67c0000, 0x00000000e8000000)
  object space 106240K, 54% used [0x00000000e0000000,0x00000000e3884ec0,0x00000000e67c0000)
Event: 74.096 GC heap after
Heap after GC invocations=47 (full 2):
 PSYoungGen      total 87488K, used 1533K [0x00000000fa000000, 0x00000000ffff0000, 0x0000000100000000)
  eden space 76672K, 0% used [0x00000000fa000000,0x00000000fa000000,0x00000000feae0000)
  from space 10816K, 14% used [0x00000000feae0000,0x00000000fec5f4b0,0x00000000ff570000)
  to   space 10752K, 0% used [0x00000000ff570000,0x00000000ff570000,0x00000000ffff0000)
 ParOldGen       total 90496K, used 51651K [0x00000000e8000000, 0x00000000ed860000, 0x00000000fa000000)
  object space 90496K, 57% used [0x00000000e8000000,0x00000000eb270f18,0x00000000ed860000)
 PSPermGen       total 106240K, used 57875K [0x00000000e0000000, 0x00000000e67c0000, 0x00000000e8000000)
  object space 106240K, 54% used [0x00000000e0000000,0x00000000e3884ec0,0x00000000e67c0000)
}
Event: 74.290 GC heap before
{Heap before GC invocations=48 (full 2):
 PSYoungGen      total 87488K, used 78205K [0x00000000fa000000, 0x00000000ffff0000, 0x0000000100000000)
  eden space 76672K, 100% used [0x00000000fa000000,0x00000000feae0000,0x00000000feae0000)
  from space 10816K, 14% used [0x00000000feae0000,0x00000000fec5f4b0,0x00000000ff570000)
  to   space 10752K, 0% used [0x00000000ff570000,0x00000000ff570000,0x00000000ffff0000)
 ParOldGen       total 90496K, used 51651K [0x00000000e8000000, 0x00000000ed860000, 0x00000000fa000000)
  object space 90496K, 57% used [0x00000000e8000000,0x00000000eb270f18,0x00000000ed860000)
 PSPermGen       total 106240K, used 57904K [0x00000000e0000000, 0x00000000e67c0000, 0x00000000e8000000)
  object space 106240K, 54% used [0x00000000e0000000,0x00000000e388c2e0,0x00000000e67c0000)
Event: 74.295 GC heap after
Heap after GC invocations=48 (full 2):
 PSYoungGen      total 87232K, used 1223K [0x00000000fa000000, 0x00000000fffb0000, 0x0000000100000000)
  eden space 76736K, 0% used [0x00000000fa000000,0x00000000fa000000,0x00000000feaf0000)
  from space 10496K, 11% used [0x00000000ff570000,0x00000000ff6a1cd8,0x00000000fffb0000)
  to   space 10624K, 0% used [0x00000000feaf0000,0x00000000feaf0000,0x00000000ff550000)
 ParOldGen       total 90496K, used 51651K [0x00000000e8000000, 0x00000000ed860000, 0x00000000fa000000)
  object space 90496K, 57% used [0x00000000e8000000,0x00000000eb270f18,0x00000000ed860000)
 PSPermGen       total 106240K, used 57904K [0x00000000e0000000, 0x00000000e67c0000, 0x00000000e8000000)
  object space 106240K, 54% used [0x00000000e0000000,0x00000000e388c2e0,0x00000000e67c0000)
}
Event: 74.895 GC heap before
{Heap before GC invocations=49 (full 2):
 PSYoungGen      total 87232K, used 77959K [0x00000000fa000000, 0x00000000fffb0000, 0x0000000100000000)
  eden space 76736K, 100% used [0x00000000fa000000,0x00000000feaf0000,0x00000000feaf0000)
  from space 10496K, 11% used [0x00000000ff570000,0x00000000ff6a1cd8,0x00000000fffb0000)
  to   space 10624K, 0% used [0x00000000feaf0000,0x00000000feaf0000,0x00000000ff550000)
 ParOldGen       total 90496K, used 51651K [0x00000000e8000000, 0x00000000ed860000, 0x00000000fa000000)
  object space 90496K, 57% used [0x00000000e8000000,0x00000000eb270f18,0x00000000ed860000)
 PSPermGen       total 106240K, used 58082K [0x00000000e0000000, 0x00000000e67c0000, 0x00000000e8000000)
  object space 106240K, 54% used [0x00000000e0000000,0x00000000e38b8a40,0x00000000e67c0000)
Event: 74.898 GC heap after
Heap after GC invocations=49 (full 2):
 PSYoungGen      total 87360K, used 1543K [0x00000000fa000000, 0x00000000fffc0000, 0x0000000100000000)
  eden space 76736K, 0% used [0x00000000fa000000,0x00000000fa000000,0x00000000feaf0000)
  from space 10624K, 14% used [0x00000000feaf0000,0x00000000fec71cd8,0x00000000ff550000)
  to   space 10432K, 0% used [0x00000000ff590000,0x00000000ff590000,0x00000000fffc0000)
 ParOldGen       total 90496K, used 51651K [0x00000000e8000000, 0x00000000ed860000, 0x00000000fa000000)
  object space 90496K, 57% used [0x00000000e8000000,0x00000000eb270f18,0x00000000ed860000)
 PSPermGen       total 106240K, used 58082K [0x00000000e0000000, 0x00000000e67c0000, 0x00000000e8000000)
  object space 106240K, 54% used [0x00000000e0000000,0x00000000e38b8a40,0x00000000e67c0000)
}
Event: 109.191 GC heap before
{Heap before GC invocations=50 (full 2):
 PSYoungGen      total 87360K, used 78279K [0x00000000fa000000, 0x00000000fffc0000, 0x0000000100000000)
  eden space 76736K, 100% used [0x00000000fa000000,0x00000000feaf0000,0x00000000feaf0000)
  from space 10624K, 14% used [0x00000000feaf0000,0x00000000fec71cd8,0x00000000ff550000)
  to   space 10432K, 0% used [0x00000000ff590000,0x00000000ff590000,0x00000000fffc0000)
 ParOldGen       total 90496K, used 51651K [0x00000000e8000000, 0x00000000ed860000, 0x00000000fa000000)
  object space 90496K, 57% used [0x00000000e8000000,0x00000000eb270f18,0x00000000ed860000)
 PSPermGen       total 106240K, used 58133K [0x00000000e0000000, 0x00000000e67c0000, 0x00000000e8000000)
  object space 106240K, 54% used [0x00000000e0000000,0x00000000e38c5608,0x00000000e67c0000)
Event: 109.194 GC heap after
Heap after GC invocations=50 (full 2):
 PSYoungGen      total 87104K, used 1575K [0x00000000fa000000, 0x00000000fff30000, 0x0000000100000000)
  eden space 77248K, 0% used [0x00000000fa000000,0x00000000fa000000,0x00000000feb70000)
  from space 9856K, 15% used [0x00000000ff590000,0x00000000ff719cd8,0x00000000fff30000)
  to   space 10112K, 0% used [0x00000000feb70000,0x00000000feb70000,0x00000000ff550000)
 ParOldGen       total 90496K, used 51651K [0x00000000e8000000, 0x00000000ed860000, 0x00000000fa000000)
  object space 90496K, 57% used [0x00000000e8000000,0x00000000eb270f18,0x00000000ed860000)
 PSPermGen       total 106240K, used 58133K [0x00000000e0000000, 0x00000000e67c0000, 0x00000000e8000000)
  object space 106240K, 54% used [0x00000000e0000000,0x00000000e38c5608,0x00000000e67c0000)
}
Event: 123.561 GC heap before
{Heap before GC invocations=51 (full 2):
 PSYoungGen      total 87104K, used 78823K [0x00000000fa000000, 0x00000000fff30000, 0x0000000100000000)
  eden space 77248K, 100% used [0x00000000fa000000,0x00000000feb70000,0x00000000feb70000)
  from space 9856K, 15% used [0x00000000ff590000,0x00000000ff719cd8,0x00000000fff30000)
  to   space 10112K, 0% used [0x00000000feb70000,0x00000000feb70000,0x00000000ff550000)
 ParOldGen       total 90496K, used 51651K [0x00000000e8000000, 0x00000000ed860000, 0x00000000fa000000)
  object space 90496K, 57% used [0x00000000e8000000,0x00000000eb270f18,0x00000000ed860000)
 PSPermGen       total 106240K, used 59996K [0x00000000e0000000, 0x00000000e67c0000, 0x00000000e8000000)
  object space 106240K, 56% used [0x00000000e0000000,0x00000000e3a973d8,0x00000000e67c0000)
Event: 123.565 GC heap after
Heap after GC invocations=51 (full 2):
 PSYoungGen      total 87360K, used 5285K [0x00000000fa000000, 0x0000000100000000, 0x0000000100000000)
  eden space 77248K, 0% used [0x00000000fa000000,0x00000000fa000000,0x00000000feb70000)
  from space 10112K, 52% used [0x00000000feb70000,0x00000000ff099558,0x00000000ff550000)
  to   space 10112K, 0% used [0x00000000ff620000,0x00000000ff620000,0x0000000100000000)
 ParOldGen       total 90496K, used 51651K [0x00000000e8000000, 0x00000000ed860000, 0x00000000fa000000)
  object space 90496K, 57% used [0x00000000e8000000,0x00000000eb270f18,0x00000000ed860000)
 PSPermGen       total 106240K, used 59996K [0x00000000e0000000, 0x00000000e67c0000, 0x00000000e8000000)
  object space 106240K, 56% used [0x00000000e0000000,0x00000000e3a973d8,0x00000000e67c0000)
}

Deoptimization events (10 events):
Event: 116.114 Thread 0x000000005a1a2000 Uncommon trap -34 fr.pc 0x0000000023e976b0
Event: 116.770 Thread 0x000000005a1a2000 Uncommon trap -34 fr.pc 0x0000000023d4ca38
Event: 116.808 Thread 0x000000005a1a2000 Uncommon trap -34 fr.pc 0x0000000023d4ca38
Event: 118.201 Thread 0x000000005a1a2000 Uncommon trap -34 fr.pc 0x0000000023d4ca38
Event: 118.225 Thread 0x000000005a1a2000 Uncommon trap -34 fr.pc 0x0000000023d4ca38
Event: 119.172 Thread 0x000000005a1a2000 Uncommon trap -83 fr.pc 0x0000000023e7f358
Event: 119.172 Thread 0x000000005a1a2000 Uncommon trap -83 fr.pc 0x0000000023f36d80
Event: 119.174 Thread 0x000000005a1a2000 Uncommon trap -34 fr.pc 0x0000000023e976b0
Event: 123.565 Thread 0x000000005a375800 Uncommon trap -83 fr.pc 0x0000000023e2e0b4
Event: 125.429 Thread 0x00000000227a9000 Uncommon trap -58 fr.pc 0x0000000023e25cbc

Internal exceptions (10 events):
Event: 125.830 Thread 0x00000000227a9000 Threw 0x00000000fcfe2700 at C:\jdk7u1_64p\jdk7u11\hotspot\src\share\vm\prims\jvm.cpp:1166
Event: 125.830 Thread 0x00000000227a9000 Threw 0x00000000fcfe7348 at C:\jdk7u1_64p\jdk7u11\hotspot\src\share\vm\prims\jvm.cpp:1166
Event: 125.862 Thread 0x00000000227a9000 Threw 0x00000000fd125b18 at C:\jdk7u1_64p\jdk7u11\hotspot\src\share\vm\prims\jvm.cpp:1166
Event: 125.862 Thread 0x00000000227a9000 Threw 0x00000000fd1450b8 at C:\jdk7u1_64p\jdk7u11\hotspot\src\share\vm\prims\jvm.cpp:1166
Event: 125.865 Thread 0x00000000227a9000 Threw 0x00000000fd151830 at C:\jdk7u1_64p\jdk7u11\hotspot\src\share\vm\prims\jvm.cpp:1166
Event: 125.866 Thread 0x00000000227a9000 Threw 0x00000000fd170e20 at C:\jdk7u1_64p\jdk7u11\hotspot\src\share\vm\prims\jvm.cpp:1166
Event: 125.866 Thread 0x00000000227a9000 Threw 0x00000000fd1742c0 at C:\jdk7u1_64p\jdk7u11\hotspot\src\share\vm\prims\jvm.cpp:1166
Event: 125.866 Thread 0x00000000227a9000 Threw 0x00000000fd19d050 at C:\jdk7u1_64p\jdk7u11\hotspot\src\share\vm\prims\jvm.cpp:1166
Event: 125.866 Thread 0x00000000227a9000 Threw 0x00000000fd19fe68 at C:\jdk7u1_64p\jdk7u11\hotspot\src\share\vm\prims\jvm.cpp:1166
Event: 125.867 Thread 0x00000000227a9000 Threw 0x00000000fd1c7d88 at C:\jdk7u1_64p\jdk7u11\hotspot\src\share\vm\prims\jvm.cpp:1166

Events (10 events):
Event: 125.865 loading class 0x000000010fcb82c0
Event: 125.865 loading class 0x000000010fcb82c0 done
Event: 125.865 loading class 0x000000010fcb81c0
Event: 125.865 loading class 0x000000010fcb81c0 done
Event: 125.865 loading class 0x000000010f8aaaf0
Event: 125.865 loading class 0x000000010f8aaaf0 done
Event: 125.866 loading class 0x000000009707aa90
Event: 125.866 loading class 0x000000009707aa90 done
Event: 125.866 loading class 0x000000010f104ff0
Event: 125.866 loading class 0x000000010f104ff0 done


Dynamic libraries:
0x0000000140000000 - 0x0000000140029000 	C:\work_station\MATLAB\bin\win64\MATLAB.exe
0x0000000077390000 - 0x0000000077539000 	C:\Windows\SYSTEM32\ntdll.dll
0x0000000077270000 - 0x000000007738f000 	C:\Windows\system32\kernel32.dll
0x000007fefd090000 - 0x000007fefd0fc000 	C:\Windows\system32\KERNELBASE.dll
0x000000006f060000 - 0x000000006f3dc000 	C:\work_station\MATLAB\bin\win64\libmwservices.dll
0x000000006fe80000 - 0x000000006ff56000 	C:\work_station\MATLAB\bin\win64\libmwi18n.dll
0x000000006fe70000 - 0x000000006fe7d000 	C:\work_station\MATLAB\bin\win64\libmwresource_core.dll
0x0000000066490000 - 0x0000000066528000 	C:\work_station\MATLAB\bin\win64\MSVCP100.dll
0x0000000066c10000 - 0x0000000066ce2000 	C:\work_station\MATLAB\bin\win64\MSVCR100.dll
0x0000000000020000 - 0x000000000002e000 	C:\work_station\MATLAB\bin\win64\boost_date_time-vc100-mt-1_49.dll
0x0000000066be0000 - 0x0000000066c0c000 	C:\work_station\MATLAB\bin\win64\boost_filesystem-vc100-mt-1_49.dll
0x000000006eec0000 - 0x000000006eec9000 	C:\work_station\MATLAB\bin\win64\boost_system-vc100-mt-1_49.dll
0x000007fefde60000 - 0x000007fefdf3b000 	C:\Windows\system32\ADVAPI32.dll
0x000007fefdc90000 - 0x000007fefdd2f000 	C:\Windows\system32\msvcrt.dll
0x000007feff4a0000 - 0x000007feff4bf000 	C:\Windows\SYSTEM32\sechost.dll
0x000007fefe4e0000 - 0x000007fefe60d000 	C:\Windows\system32\RPCRT4.dll
0x0000000066460000 - 0x0000000066485000 	C:\work_station\MATLAB\bin\win64\LIBEXPAT.dll
0x0000000065530000 - 0x00000000656ba000 	C:\work_station\MATLAB\bin\win64\icuin49.dll
0x0000000066320000 - 0x000000006645e000 	C:\work_station\MATLAB\bin\win64\icuuc49.dll
0x000000005b840000 - 0x000000005c962000 	C:\work_station\MATLAB\bin\win64\icudt49.dll
0x00000000676b0000 - 0x00000000676c0000 	C:\work_station\MATLAB\bin\win64\icuio49.dll
0x0000000004110000 - 0x00000000041cb000 	C:\work_station\MATLAB\bin\win64\libut.dll
0x000000006f960000 - 0x000000006fb07000 	C:\work_station\MATLAB\bin\win64\libmwfl.dll
0x00000000042f0000 - 0x00000000046ff000 	C:\work_station\MATLAB\bin\win64\libmwMATLAB_res.dll
0x0000000065770000 - 0x000000006584f000 	C:\work_station\MATLAB\bin\win64\boost_regex-vc100-mt-1_49.dll
0x0000000077170000 - 0x000000007726a000 	C:\Windows\system32\USER32.dll
0x000007fefe1e0000 - 0x000007fefe247000 	C:\Windows\system32\GDI32.dll
0x000007fefe1d0000 - 0x000007fefe1de000 	C:\Windows\system32\LPK.dll
0x000007feff4f0000 - 0x000007feff5b9000 	C:\Windows\system32\USP10.dll
0x0000000065750000 - 0x0000000065761000 	C:\work_station\MATLAB\bin\win64\boost_signals-vc100-mt-1_49.dll
0x0000000065730000 - 0x0000000065741000 	C:\work_station\MATLAB\bin\win64\boost_thread-vc100-mt-1_49.dll
0x00000000654a0000 - 0x000000006552c000 	C:\work_station\MATLAB\bin\win64\boost_log-vc100-mt-1_49.dll
0x0000000077560000 - 0x0000000077567000 	C:\Windows\system32\PSAPI.DLL
0x000007feff650000 - 0x000007feff69d000 	C:\Windows\system32\WS2_32.dll
0x000007feff4c0000 - 0x000007feff4c8000 	C:\Windows\system32\NSI.dll
0x000007feeb8d0000 - 0x000007feeb903000 	C:\work_station\MATLAB\bin\win64\tbb.dll
0x000007feff4d0000 - 0x000007feff4e9000 	C:\Windows\system32\imagehlp.dll
0x000007fefd050000 - 0x000007fefd07c000 	C:\Windows\system32\POWRPROF.dll
0x000007fefdab0000 - 0x000007fefdc87000 	C:\Windows\system32\SETUPAPI.dll
0x000007fefd1a0000 - 0x000007fefd1d6000 	C:\Windows\system32\CFGMGR32.dll
0x000007fefe400000 - 0x000007fefe4d7000 	C:\Windows\system32\OLEAUT32.dll
0x000007fefd8a0000 - 0x000007fefdaa3000 	C:\Windows\system32\ole32.dll
0x000007fefcf60000 - 0x000007fefcf7a000 	C:\Windows\system32\DEVOBJ.dll
0x0000000004700000 - 0x00000000047fb000 	C:\work_station\MATLAB\bin\win64\libmx.dll
0x000007feeb5b0000 - 0x000007feeb5d8000 	C:\work_station\MATLAB\bin\win64\tbbmalloc.dll
0x0000000065710000 - 0x0000000065727000 	C:\work_station\MATLAB\bin\win64\zlib1.dll
0x000000006ef00000 - 0x000000006ef4e000 	C:\work_station\MATLAB\bin\win64\libmwregexp.dll
0x0000000004800000 - 0x0000000004847000 	C:\work_station\MATLAB\bin\win64\mpath.dll
0x0000000004850000 - 0x0000000004e78000 	C:\work_station\MATLAB\bin\win64\mlutil.dll
0x000000006e870000 - 0x000000006e8e7000 	C:\work_station\MATLAB\bin\win64\xmlcore.dll
0x0000000065250000 - 0x0000000065491000 	C:\work_station\MATLAB\bin\win64\xerces-c_2_7.dll
0x000000006e5f0000 - 0x000000006e613000 	C:\work_station\MATLAB\bin\win64\libmwMATLAB_settings_res.dll
0x00000000676c0000 - 0x00000000676d0000 	C:\work_station\MATLAB\bin\win64\boost_iostreams-vc100-mt-1_49.dll
0x00000000656c0000 - 0x0000000065706000 	C:\work_station\MATLAB\bin\win64\boost_serialization-vc100-mt-1_49.dll
0x000007fefe710000 - 0x000007feff498000 	C:\Windows\system32\SHELL32.dll
0x000007fefe150000 - 0x000007fefe1c1000 	C:\Windows\system32\SHLWAPI.dll
0x000000006e580000 - 0x000000006e586000 	C:\work_station\MATLAB\bin\win64\libmwnativedisplay.dll
0x00000000685f0000 - 0x000000006863d000 	C:\work_station\MATLAB\bin\win64\opccore.dll
0x00000000684f0000 - 0x00000000685c6000 	C:\work_station\MATLAB\bin\win64\opcmodel.dll
0x00000000684c0000 - 0x00000000684ed000 	C:\work_station\MATLAB\bin\win64\opczippackage.dll
0x0000000066310000 - 0x000000006631e000 	C:\work_station\MATLAB\bin\win64\libminizip.dll
0x0000000068340000 - 0x00000000683a6000 	C:\work_station\MATLAB\bin\win64\opcmwservices.dll
0x000007fefa6d0000 - 0x000007fefa770000 	C:\Windows\WinSxS\amd64_microsoft.windows.common-controls_6595b64144ccf1df_5.82.7601.18201_none_a4d3b9377117c3df\COMCTL32.dll
0x000007fefe250000 - 0x000007fefe2e7000 	C:\Windows\system32\COMDLG32.dll
0x000007fefafb0000 - 0x000007fefafc6000 	C:\Windows\system32\NETAPI32.dll
0x000007fefafa0000 - 0x000007fefafac000 	C:\Windows\system32\netutils.dll
0x000007fefc9e0000 - 0x000007fefca03000 	C:\Windows\system32\srvcli.dll
0x000007fefaf80000 - 0x000007fefaf95000 	C:\Windows\system32\wkscli.dll
0x000000006e4d0000 - 0x000000006e57d000 	C:\work_station\MATLAB\bin\win64\mcr.dll
0x000000006e110000 - 0x000000006e4d0000 	C:\work_station\MATLAB\bin\win64\iqm.dll
0x0000000180000000 - 0x00000001800c2000 	C:\work_station\MATLAB\bin\win64\m_dispatcher.dll
0x0000000004e80000 - 0x000000000567b000 	C:\work_station\MATLAB\bin\win64\m_interpreter.dll
0x000000006d760000 - 0x000000006d784000 	C:\work_station\MATLAB\bin\win64\libmex.dll
0x000000006d6e0000 - 0x000000006d75b000 	C:\work_station\MATLAB\bin\win64\profiler.dll
0x000000006d450000 - 0x000000006d5c8000 	C:\work_station\MATLAB\bin\win64\libmwmathutil.dll
0x000000006d420000 - 0x000000006d447000 	C:\work_station\MATLAB\bin\win64\libmwmathrng.dll
0x000000006d410000 - 0x000000006d420000 	C:\work_station\MATLAB\bin\win64\libmwmfl_rng.dll
0x0000000005680000 - 0x0000000005798000 	C:\work_station\MATLAB\bin\win64\libmwmathcore.dll
0x000000006d2b0000 - 0x000000006d313000 	C:\work_station\MATLAB\bin\win64\libmwspmatrix.dll
0x00000000057a0000 - 0x0000000005a02000 	C:\work_station\MATLAB\bin\win64\mcos.dll
0x000000006cfc0000 - 0x000000006d01c000 	C:\work_station\MATLAB\bin\win64\libmwcholmod.dll
0x000000006cfb0000 - 0x000000006cfbc000 	C:\work_station\MATLAB\bin\win64\libmwamd.dll
0x000000006cfa0000 - 0x000000006cfab000 	C:\work_station\MATLAB\bin\win64\libmwcolamd.dll
0x000000006cf80000 - 0x000000006cf93000 	C:\work_station\MATLAB\bin\win64\libmwblas.dll
0x000000006cf60000 - 0x000000006cf75000 	C:\work_station\MATLAB\bin\win64\libmwbinder.dll
0x000000006cf50000 - 0x000000006cf5b000 	C:\work_station\MATLAB\bin\win64\libmwompwrapper.dll
0x000000006ced0000 - 0x000000006cf4f000 	C:\work_station\MATLAB\bin\win64\libmwlapack.dll
0x000000006ceb0000 - 0x000000006ced0000 	C:\work_station\MATLAB\bin\win64\m_pcodeio.dll
0x000000006ce50000 - 0x000000006ceac000 	C:\work_station\MATLAB\bin\win64\m_ir.dll
0x0000000005a10000 - 0x00000000060c5000 	C:\work_station\MATLAB\bin\win64\m_parser.dll
0x000000006c780000 - 0x000000006c797000 	C:\work_station\MATLAB\bin\win64\ir_xfmr.dll
0x000000006c770000 - 0x000000006c780000 	C:\work_station\MATLAB\bin\win64\mtok.dll
0x000000006c740000 - 0x000000006c768000 	C:\work_station\MATLAB\bin\win64\m_pcodegen.dll
0x000007fef7fb0000 - 0x000007fef80d5000 	C:\Windows\system32\dbghelp.dll
0x000000006c710000 - 0x000000006c73f000 	C:\work_station\MATLAB\bin\win64\libmwbridge.dll
0x000000006c650000 - 0x000000006c706000 	C:\work_station\MATLAB\bin\win64\udd.dll
0x00000000060d0000 - 0x0000000006221000 	C:\work_station\MATLAB\bin\win64\libmwgui.dll
0x000000006c4d0000 - 0x000000006c4f8000 	C:\work_station\MATLAB\bin\win64\graphics_util.dll
0x0000000061440000 - 0x00000000614f8000 	C:\work_station\MATLAB\bin\win64\libtex_base.dll
0x000000006bac0000 - 0x000000006c426000 	C:\work_station\MATLAB\bin\win64\hg.dll
0x000000006ba60000 - 0x000000006babd000 	C:\work_station\MATLAB\bin\win64\libmat.dll
0x000000006b850000 - 0x000000006ba58000 	C:\work_station\MATLAB\bin\win64\hdf5dll.dll
0x000000006b780000 - 0x000000006b848000 	C:\work_station\MATLAB\bin\win64\jmi.dll
0x000000006b770000 - 0x000000006b77e000 	C:\work_station\MATLAB\bin\win64\nativejava_services.dll
0x0000000006230000 - 0x0000000006272000 	C:\work_station\MATLAB\bin\win64\libmwhardcopy.dll
0x000000006b6d0000 - 0x000000006b72e000 	C:\work_station\MATLAB\bin\win64\libuij.dll
0x000000006b490000 - 0x000000006b695000 	C:\work_station\MATLAB\bin\win64\hgdatatypes.dll
0x0000000006280000 - 0x0000000006392000 	C:\work_station\MATLAB\bin\win64\hgutils.dll
0x000000006b2f0000 - 0x000000006b39e000 	C:\work_station\MATLAB\bin\win64\udd_mi.dll
0x000000006b2b0000 - 0x000000006b2e6000 	C:\work_station\MATLAB\bin\win64\libmwgbtutils.dll
0x000000006b290000 - 0x000000006b2a3000 	C:\work_station\MATLAB\bin\win64\libmwgbt.dll
0x000000006afc0000 - 0x000000006b28f000 	C:\work_station\MATLAB\bin\win64\uiw.dll
0x000000006afb0000 - 0x000000006afb9000 	C:\work_station\MATLAB\bin\win64\uinone.dll
0x000000006af80000 - 0x000000006afac000 	C:\work_station\MATLAB\bin\win64\libmwnativedialogs.dll
0x000000006af70000 - 0x000000006af7c000 	C:\work_station\MATLAB\bin\win64\libmwplatform_res.dll
0x000007fef89d0000 - 0x000007fef89e8000 	C:\Windows\system32\MPR.dll
0x0000000060ee0000 - 0x000000006143d000 	C:\work_station\MATLAB\bin\win64\mfc100.dll
0x000007feface0000 - 0x000007feface7000 	C:\Windows\system32\MSIMG32.dll
0x000007fef9810000 - 0x000007fef9881000 	C:\Windows\system32\WINSPOOL.DRV
0x000000006af50000 - 0x000000006af6d000 	C:\work_station\MATLAB\bin\win64\mwoles05.DLL
0x000000006aee0000 - 0x000000006af4c000 	C:\work_station\MATLAB\bin\win64\comcli.dll
0x0000000062b60000 - 0x0000000062b8b000 	C:\work_station\MATLAB\bin\win64\ATL100.DLL
0x000000006aed0000 - 0x000000006aedc000 	C:\work_station\MATLAB\bin\win64\mlautoregister.dll
0x00000000063b0000 - 0x000000000651f000 	C:\work_station\MATLAB\bin\win64\mvm.dll
0x000007fefde30000 - 0x000007fefde5e000 	C:\Windows\system32\IMM32.DLL
0x000007fefe2f0000 - 0x000007fefe3f9000 	C:\Windows\system32\MSCTF.dll
0x000007fefb780000 - 0x000007fefb7d6000 	C:\Windows\system32\UxTheme.dll
0x000007fefcf40000 - 0x000007fefcf58000 	C:\Windows\system32\dwmapi.dll

VM Arguments:
jvm_args: -XX:PermSize=32m -Xms64m -XX:NewRatio=3 -XX:MaxPermSize=128m -Xmx384m -XX:MaxDirectMemorySize=2147400000 -Dsun.java2d.noddraw=true -Dsun.awt.nopixfmt=true -Xshare:off -Xrs -XX:-UseSplitVerifier -Djava.library.path=C:\work_station\MATLAB\bin\win64;C:\work_station\MATLAB\sys\jxbrowser\win64\lib vfprintf abort -Duser.language=zh -Duser.country=CN -XX:ParallelGCThreads=6 
java_command: <unknown>
Launcher Type: generic

Environment Variables:
PATH=E:\FPGA\SOC\Quartus\quartus\bin64;C:\Program Files (x86)\NVIDIA Corporation\PhysX\Common;C:\Program Files (x86)\PC Connectivity Solution\;C:\Program Files (x86)\WiT8.0 Demo\bin;C:\Program Files (x86)\Intel\iCLS Client\;C:\Program Files\Intel\iCLS Client\;C:\Windows\system32;C:\Windows;C:\Windows\System32\Wbem;C:\Windows\System32\WindowsPowerShell\v1.0\;C:\Program Files\Intel\Intel(R) Management Engine Components\DAL;C:\Program Files\Intel\Intel(R) Management Engine Components\IPT;C:\Program Files (x86)\Intel\Intel(R) Management Engine Components\DAL;C:\Program Files (x86)\Intel\Intel(R) Management Engine Components\IPT;C:\work_station\MATLAB\runtime\win64;C:\work_station\MATLAB\bin;C:\work_station\MATLAB\polyspace\bin;C:\Program Files (x86)\Microsoft SQL Server\100\Tools\Binn\;C:\Program Files\Microsoft SQL Server\100\Tools\Binn\;C:\Program Files\Microsoft SQL Server\100\DTS\Binn\;C:\Program Files (x86)\IVI Foundation\VISA\WinNT\Bin\;C:\Program Files\IVI Foundation\VISA\Win64\Bin\;C:\Program Files (x86)\IVI Foundation\VISA\WinNT\Bin;C:\work_station\FPGA\Quartus\quartus\modelsim_ase\win32aloem;C:\work_station\FPGA\modelsim\win64
USERNAME=Given_Jiang
OS=Windows_NT
PROCESSOR_IDENTIFIER=Intel64 Family 6 Model 42 Stepping 5, GenuineIntel



---------------  S Y S T E M  ---------------

OS: Windows 7 , 64 bit Build 7601 Service Pack 1

CPU:total 8 (4 cores per cpu, 2 threads per core) family 6 model 42 stepping 5, cmov, cx8, fxsr, mmx, sse, sse2, sse3, ssse3, sse4.1, sse4.2, popcnt, avx, ht, tsc, tscinvbit

Memory: 4k page, physical 8365596k(3954204k free), swap 16729336k(11562520k free)

vm_info: Java HotSpot(TM) 64-Bit Server VM (23.6-b04) for windows-amd64 JRE (1.7.0_11-b21), built on Jan 12 2013 02:38:42 by "java_re" with unknown MS VC++:1600

time: Thu Feb 12 09:17:09 2015
elapsed time: 125 seconds

