#
# A fatal error has been detected by the Java Runtime Environment:
#
#  EXCEPTION_ACCESS_VIOLATION (0xc0000005) at pc=0x00000000773e2f86, pid=1404, tid=7736
#
# JRE version: 7.0_11-b21
# Java VM: Java HotSpot(TM) 64-Bit Server VM (23.6-b04 mixed mode windows-amd64 compressed oops)
# Problematic frame:
# C  [ntdll.dll+0x52f86]
#
# Failed to write core dump. Minidumps are not enabled by default on client versions of Windows
#
# If you would like to submit a bug report, please visit:
#   http://bugreport.sun.com/bugreport/crash.jsp
# The crash happened outside the Java Virtual Machine in native code.
# See problematic frame for where to report the bug.
#

---------------  T H R E A D  ---------------

Current thread (0x0000000022a09000):  JavaThread "main" [_thread_in_native, id=7736, stack(0x0000000000030000,0x0000000004030000)]

siginfo: ExceptionCode=0xc0000005, writing address 0xffffffffc8842290

Registers:
RAX=0x000007fef93ee9a1, RBX=0x0000000004020c40, RCX=0xffffffffc8842288, RDX=0x00000000040205b0
RSP=0x0000000004020490, RBP=0x000007fee4c0cb08, RSI=0x0000000000000000, RDI=0xffffffffc8842260
R8 =0x00000000067b2f80, R9 =0x0000000000000000, R10=0x0000000051eb851f, R11=0x0000000051eb851f
R12=0x0000000000000000, R13=0x0000000000000001, R14=0x00000000040205b0, R15=0x0000000000004000
RIP=0x00000000773e2f86, EFLAGS=0x0000000000010206

Top of Stack: (sp=0x0000000004020490)
0x0000000004020490:   0000000000000010 0000000004210000
0x00000000040204a0:   0000000004020690 0000000000000008
0x00000000040204b0:   0000000004020c40 000007fefd09588e
0x00000000040204c0:   000007fe00000000 0000000000000008
0x00000000040204d0:   0000012e0033000a 000000000421a520
0x00000000040204e0:   0000000062a6b790 00000000c8838380
0x00000000040204f0:   0072006102080006 0000000062a6b790
0x0000000004020500:   00019b37006b0004 0000000004226580
0x0000000004020510:   0000000000000000 0000000000040002
0x0000000004020520:   00000000c8838380 0000000004020638
0x0000000004020530:   0000000000000000 0000000000000001
0x0000000004020540:   000000000000001e 000000008c33d6d0
0x0000000004020550:   0000000000000000 0000000004020850
0x0000000004020560:   0000000000000000 000007fefd0cc021
0x0000000004020570:   0000000000000001 0000000004020c40
0x0000000004020580:   ffffffffc8842260 0000000000000005 

Instructions: (pc=0x00000000773e2f86)
0x00000000773e2f66:   f0 48 0f c3 51 f8 75 d0 f0 80 0c 24 00 e9 56 ff
0x00000000773e2f76:   ff ff 90 90 90 90 90 90 90 90 ff f3 48 83 ec 20
0x00000000773e2f86:   f0 0f ba 71 08 00 48 8b d9 0f 83 59 b2 ff ff 65
0x00000000773e2f96:   48 8b 04 25 30 00 00 00 48 8b 48 48 c7 43 0c 01 


Register to memory mapping:

RAX=0x000007fef93ee9a1 is an unknown value
RBX=0x0000000004020c40 is pointing into the stack for thread: 0x0000000022a09000
RCX=0xffffffffc8842288 is an unknown value
RDX=0x00000000040205b0 is pointing into the stack for thread: 0x0000000022a09000
RSP=0x0000000004020490 is pointing into the stack for thread: 0x0000000022a09000
RBP=0x000007fee4c0cb08 is an unknown value
RSI=0x0000000000000000 is an unknown value
RDI=0xffffffffc8842260 is an unknown value
R8 =0x00000000067b2f80 is an unknown value
R9 =0x0000000000000000 is an unknown value
R10=0x0000000051eb851f is pointing into the stack for thread: 0x0000000023a91800
R11=0x0000000051eb851f is pointing into the stack for thread: 0x0000000023a91800
R12=0x0000000000000000 is an unknown value
R13=0x0000000000000001 is an unknown value
R14=0x00000000040205b0 is pointing into the stack for thread: 0x0000000022a09000
R15=0x0000000000004000 is an unknown value


Stack: [0x0000000000030000,0x0000000004030000],  sp=0x0000000004020490,  free space=65473k
Native frames: (J=compiled Java code, j=interpreted, Vv=VM code, C=native code)
C  [ntdll.dll+0x52f86]

Java frames: (J=compiled Java code, j=interpreted, Vv=VM code)
j  com.altera.dspbuilder.portmanager.PortManager.checkOut()Z+0
j  com.altera.dspbuilder.serialisation.ModelSerialiser.<init>(Lcom/altera/dspbuilder/simulink/SimulinkPath;Ljava/lang/String;Ljava/util/Date;Z)V+26
j  com.altera.dspbuilder.serialisation.ModelSerialiser.<init>(Lcom/altera/dspbuilder/simulink/SimulinkPath;Ljava/lang/String;Z)V+11
j  com.altera.dspbuilder.serialisation.ModelSerialiser.<init>(Ljava/lang/String;Ljava/lang/String;Z)V+11
v  ~StubRoutines::call_stub

---------------  P R O C E S S  ---------------

Java Threads: ( => current thread )
  0x000000010ca4c800 JavaThread "Thread-105" [_thread_blocked, id=6920, stack(0x0000000128000000,0x000000012c000000)]
  0x000000011aef8000 JavaThread "FileDecorationCache request queue" daemon [_thread_blocked, id=6588, stack(0x0000000124000000,0x0000000128000000)]
  0x00000000d70e6000 JavaThread "Image Fetcher 0" daemon [_thread_blocked, id=8084, stack(0x0000000108000000,0x000000010c000000)]
  0x0000000062643000 JavaThread "Swing-Shell" daemon [_thread_blocked, id=7492, stack(0x0000000120000000,0x0000000124000000)]
  0x000000006263c800 JavaThread "ClipboardMonitor Timer" daemon [_thread_blocked, id=4712, stack(0x00000000ccfd0000,0x00000000d0fd0000)]
  0x000000006263a800 JavaThread "Explorer NavigationContext request queue" daemon [_thread_blocked, id=1900, stack(0x00000000c8fd0000,0x00000000ccfd0000)]
  0x0000000062635000 JavaThread "AddressBar directory emptiness poller" daemon [_thread_blocked, id=7676, stack(0x00000000c0fd0000,0x00000000c4fd0000)]
  0x0000000062638000 JavaThread "Explorer Refresh Service 917352952" daemon [_thread_blocked, id=2884, stack(0x00000000bc000000,0x00000000c0000000)]
  0x0000000063ece800 JavaThread "Thread-4" daemon [_thread_blocked, id=708, stack(0x00000000b4000000,0x00000000b8000000)]
  0x0000000063ecd800 JavaThread "TimerQueue" daemon [_thread_blocked, id=7612, stack(0x00000000a8000000,0x00000000ac000000)]
  0x0000000062634800 JavaThread "Thread-3" daemon [_thread_blocked, id=6360, stack(0x0000000098000000,0x000000009c000000)]
  0x00000000624f6000 JavaThread "FelixPackageAdmin" daemon [_thread_blocked, id=7648, stack(0x00000000a4000000,0x00000000a8000000)]
  0x00000000624f5000 JavaThread "FelixStartLevel" daemon [_thread_blocked, id=3912, stack(0x00000000a0000000,0x00000000a4000000)]
  0x0000000062633000 JavaThread "FelixDispatchQueue" daemon [_thread_blocked, id=4744, stack(0x000000009c000000,0x00000000a0000000)]
  0x00000000621c3000 JavaThread "AWT-EventQueue-0" [_thread_blocked, id=3832, stack(0x0000000094000000,0x0000000098000000)]
  0x00000000620d8000 JavaThread "com.google.common.base.internal.Finalizer" daemon [_thread_blocked, id=8048, stack(0x0000000090000000,0x0000000094000000)]
  0x00000000620c1000 JavaThread "AWT-Windows" daemon [_thread_in_native, id=4812, stack(0x0000000088000000,0x000000008c000000)]
  0x000000006208d000 JavaThread "AWT-Shutdown" [_thread_blocked, id=7980, stack(0x0000000084000000,0x0000000088000000)]
  0x0000000062003800 JavaThread "Java2D Disposer" daemon [_thread_blocked, id=7228, stack(0x0000000080000000,0x0000000084000000)]
  0x0000000061e82800 JavaThread "Timer-0" [_thread_blocked, id=8040, stack(0x0000000077570000,0x000000007b570000)]
  0x0000000061dae800 JavaThread "EventMgr Dispatcher" daemon [_thread_in_native, id=6332, stack(0x0000000072130000,0x0000000076130000)]
  0x0000000023ac1000 JavaThread "Service Thread" daemon [_thread_blocked, id=8044, stack(0x0000000059a30000,0x000000005da30000)]
  0x0000000023ab8000 JavaThread "C2 CompilerThread1" daemon [_thread_blocked, id=5316, stack(0x0000000055a30000,0x0000000059a30000)]
  0x0000000023a91800 JavaThread "C2 CompilerThread0" daemon [_thread_blocked, id=1932, stack(0x0000000051a30000,0x0000000055a30000)]
  0x0000000023a90800 JavaThread "Attach Listener" daemon [_thread_blocked, id=3584, stack(0x000000004da30000,0x0000000051a30000)]
  0x0000000023a0c800 JavaThread "Finalizer" daemon [_thread_blocked, id=4792, stack(0x0000000049a30000,0x000000004da30000)]
  0x0000000023a06000 JavaThread "Reference Handler" daemon [_thread_blocked, id=5184, stack(0x0000000045a30000,0x0000000049a30000)]
=>0x0000000022a09000 JavaThread "main" [_thread_in_native, id=7736, stack(0x0000000000030000,0x0000000004030000)]

Other Threads:
  0x0000000023a03000 VMThread [stack: 0x0000000041a30000,0x0000000045a30000] [id=6988]
  0x0000000023b12800 WatcherThread [stack: 0x000000005da30000,0x0000000061a30000] [id=6164]

VM state:not at safepoint (normal execution)

VM Mutex/Monitor currently owned by a thread: None

Heap
 PSYoungGen      total 90368K, used 74243K [0x00000000fa000000, 0x00000000fffb0000, 0x0000000100000000)
  eden space 83392K, 83% used [0x00000000fa000000,0x00000000fe3ca9f8,0x00000000ff170000)
  from space 6976K, 69% used [0x00000000ff840000,0x00000000ffcf6388,0x00000000fff10000)
  to   space 6976K, 0% used [0x00000000ff170000,0x00000000ff170000,0x00000000ff840000)
 ParOldGen       total 74752K, used 55003K [0x00000000e8000000, 0x00000000ec900000, 0x00000000fa000000)
  object space 74752K, 73% used [0x00000000e8000000,0x00000000eb5b6f08,0x00000000ec900000)
 PSPermGen       total 85952K, used 59377K [0x00000000e0000000, 0x00000000e53f0000, 0x00000000e8000000)
  object space 85952K, 69% used [0x00000000e0000000,0x00000000e39fc760,0x00000000e53f0000)

Card table byte_map: [0x0000000012600000,0x0000000012710000] byte_map_base: 0x0000000011f00000

Polling page: 0x00000000067a0000

Code Cache  [0x0000000023fe0000, 0x0000000024430000, 0x0000000026fe0000)
 total_blobs=2069 nmethods=1411 adapters=608 free_code_cache=44864Kb largest_free_block=45857408

Compilation events (10 events):
Event: 37.015 Thread 0x0000000023ab8000 nmethod 1528 0x00000000243c5510 code [0x00000000243c5640, 0x00000000243c56f8]
Event: 37.015 Thread 0x0000000023a91800 nmethod 1527 0x0000000024412110 code [0x0000000024412260, 0x0000000024412358]
Event: 37.025 Thread 0x0000000023a91800 1529             com.mathworks.widgets.desk.DTTitleBar$SingletonBorder::containsToolBar (57 bytes)
Event: 37.028 Thread 0x0000000023a91800 nmethod 1529 0x0000000024412f50 code [0x00000000244130c0, 0x00000000244133a8]
Event: 37.030 Thread 0x0000000023ab8000 1530             sun.font.CompositeStrike::getFontMetrics (56 bytes)
Event: 37.032 Thread 0x0000000023ab8000 nmethod 1530 0x0000000024412a10 code [0x0000000024412b80, 0x0000000024412d68]
Event: 37.035 Thread 0x0000000023a91800 1531             sun.font.Font2D::getStrike (177 bytes)
Event: 37.050 Thread 0x0000000023a91800 nmethod 1531 0x0000000024417c50 code [0x0000000024417ec0, 0x0000000024418d70]
Event: 37.052 Thread 0x0000000023ab8000 1532             java.util.ArrayList::toArray (12 bytes)
Event: 37.053 Thread 0x0000000023ab8000 nmethod 1532 0x00000000244125d0 code [0x0000000024412720, 0x00000000244128d8]

GC Heap History (10 events):
Event: 23.370 GC heap before
{Heap before GC invocations=39 (full 1):
 PSYoungGen      total 89216K, used 85795K [0x00000000fa000000, 0x0000000100000000, 0x0000000100000000)
  eden space 81344K, 100% used [0x00000000fa000000,0x00000000fef70000,0x00000000fef70000)
  from space 7872K, 56% used [0x00000000fef70000,0x00000000ff3c8f80,0x00000000ff720000)
  to   space 7744K, 0% used [0x00000000ff870000,0x00000000ff870000,0x0000000100000000)
 ParOldGen       total 74752K, used 53587K [0x00000000e8000000, 0x00000000ec900000, 0x00000000fa000000)
  object space 74752K, 71% used [0x00000000e8000000,0x00000000eb454ef8,0x00000000ec900000)
 PSPermGen       total 85952K, used 56876K [0x00000000e0000000, 0x00000000e53f0000, 0x00000000e8000000)
  object space 85952K, 66% used [0x00000000e0000000,0x00000000e378b078,0x00000000e53f0000)
Event: 23.390 GC heap after
Heap after GC invocations=39 (full 1):
 PSYoungGen      total 90176K, used 5580K [0x00000000fa000000, 0x0000000100000000, 0x0000000100000000)
  eden space 82432K, 0% used [0x00000000fa000000,0x00000000fa000000,0x00000000ff080000)
  from space 7744K, 72% used [0x00000000ff870000,0x00000000ffde33a0,0x0000000100000000)
  to   space 7936K, 0% used [0x00000000ff080000,0x00000000ff080000,0x00000000ff840000)
 ParOldGen       total 74752K, used 53587K [0x00000000e8000000, 0x00000000ec900000, 0x00000000fa000000)
  object space 74752K, 71% used [0x00000000e8000000,0x00000000eb454ef8,0x00000000ec900000)
 PSPermGen       total 85952K, used 56876K [0x00000000e0000000, 0x00000000e53f0000, 0x00000000e8000000)
  object space 85952K, 66% used [0x00000000e0000000,0x00000000e378b078,0x00000000e53f0000)
}
Event: 23.960 GC heap before
{Heap before GC invocations=40 (full 1):
 PSYoungGen      total 90176K, used 88012K [0x00000000fa000000, 0x0000000100000000, 0x0000000100000000)
  eden space 82432K, 100% used [0x00000000fa000000,0x00000000ff080000,0x00000000ff080000)
  from space 7744K, 72% used [0x00000000ff870000,0x00000000ffde33a0,0x0000000100000000)
  to   space 7936K, 0% used [0x00000000ff080000,0x00000000ff080000,0x00000000ff840000)
 ParOldGen       total 74752K, used 53587K [0x00000000e8000000, 0x00000000ec900000, 0x00000000fa000000)
  object space 74752K, 71% used [0x00000000e8000000,0x00000000eb454ef8,0x00000000ec900000)
 PSPermGen       total 85952K, used 56877K [0x00000000e0000000, 0x00000000e53f0000, 0x00000000e8000000)
  object space 85952K, 66% used [0x00000000e0000000,0x00000000e378b780,0x00000000e53f0000)
Event: 23.965 GC heap after
Heap after GC invocations=40 (full 1):
 PSYoungGen      total 86336K, used 3852K [0x00000000fa000000, 0x00000000fff90000, 0x0000000100000000)
  eden space 82432K, 0% used [0x00000000fa000000,0x00000000fa000000,0x00000000ff080000)
  from space 3904K, 98% used [0x00000000ff080000,0x00000000ff4433a0,0x00000000ff450000)
  to   space 7616K, 0% used [0x00000000ff820000,0x00000000ff820000,0x00000000fff90000)
 ParOldGen       total 74752K, used 54683K [0x00000000e8000000, 0x00000000ec900000, 0x00000000fa000000)
  object space 74752K, 73% used [0x00000000e8000000,0x00000000eb566ef8,0x00000000ec900000)
 PSPermGen       total 85952K, used 56877K [0x00000000e0000000, 0x00000000e53f0000, 0x00000000e8000000)
  object space 85952K, 66% used [0x00000000e0000000,0x00000000e378b780,0x00000000e53f0000)
}
Event: 29.060 GC heap before
{Heap before GC invocations=41 (full 1):
 PSYoungGen      total 86336K, used 86284K [0x00000000fa000000, 0x00000000fff90000, 0x0000000100000000)
  eden space 82432K, 100% used [0x00000000fa000000,0x00000000ff080000,0x00000000ff080000)
  from space 3904K, 98% used [0x00000000ff080000,0x00000000ff4433a0,0x00000000ff450000)
  to   space 7616K, 0% used [0x00000000ff820000,0x00000000ff820000,0x00000000fff90000)
 ParOldGen       total 74752K, used 54683K [0x00000000e8000000, 0x00000000ec900000, 0x00000000fa000000)
  object space 74752K, 73% used [0x00000000e8000000,0x00000000eb566ef8,0x00000000ec900000)
 PSPermGen       total 85952K, used 56937K [0x00000000e0000000, 0x00000000e53f0000, 0x00000000e8000000)
  object space 85952K, 66% used [0x00000000e0000000,0x00000000e379a768,0x00000000e53f0000)
Event: 29.064 GC heap after
Heap after GC invocations=41 (full 1):
 PSYoungGen      total 90560K, used 3782K [0x00000000fa000000, 0x0000000100000000, 0x0000000100000000)
  eden space 82944K, 0% used [0x00000000fa000000,0x00000000fa000000,0x00000000ff100000)
  from space 7616K, 49% used [0x00000000ff820000,0x00000000ffbd1908,0x00000000fff90000)
  to   space 7296K, 0% used [0x00000000ff100000,0x00000000ff100000,0x00000000ff820000)
 ParOldGen       total 74752K, used 54843K [0x00000000e8000000, 0x00000000ec900000, 0x00000000fa000000)
  object space 74752K, 73% used [0x00000000e8000000,0x00000000eb58ef08,0x00000000ec900000)
 PSPermGen       total 85952K, used 56937K [0x00000000e0000000, 0x00000000e53f0000, 0x00000000e8000000)
  object space 85952K, 66% used [0x00000000e0000000,0x00000000e379a768,0x00000000e53f0000)
}
Event: 30.792 GC heap before
{Heap before GC invocations=42 (full 1):
 PSYoungGen      total 90560K, used 86726K [0x00000000fa000000, 0x0000000100000000, 0x0000000100000000)
  eden space 82944K, 100% used [0x00000000fa000000,0x00000000ff100000,0x00000000ff100000)
  from space 7616K, 49% used [0x00000000ff820000,0x00000000ffbd1908,0x00000000fff90000)
  to   space 7296K, 0% used [0x00000000ff100000,0x00000000ff100000,0x00000000ff820000)
 ParOldGen       total 74752K, used 54843K [0x00000000e8000000, 0x00000000ec900000, 0x00000000fa000000)
  object space 74752K, 73% used [0x00000000e8000000,0x00000000eb58ef08,0x00000000ec900000)
 PSPermGen       total 85952K, used 57056K [0x00000000e0000000, 0x00000000e53f0000, 0x00000000e8000000)
  object space 85952K, 66% used [0x00000000e0000000,0x00000000e37b8070,0x00000000e53f0000)
Event: 30.796 GC heap after
Heap after GC invocations=42 (full 1):
 PSYoungGen      total 90240K, used 3884K [0x00000000fa000000, 0x00000000fff10000, 0x0000000100000000)
  eden space 82944K, 0% used [0x00000000fa000000,0x00000000fa000000,0x00000000ff100000)
  from space 7296K, 53% used [0x00000000ff100000,0x00000000ff4cb3a0,0x00000000ff820000)
  to   space 6976K, 0% used [0x00000000ff840000,0x00000000ff840000,0x00000000fff10000)
 ParOldGen       total 74752K, used 54867K [0x00000000e8000000, 0x00000000ec900000, 0x00000000fa000000)
  object space 74752K, 73% used [0x00000000e8000000,0x00000000eb594f08,0x00000000ec900000)
 PSPermGen       total 85952K, used 57056K [0x00000000e0000000, 0x00000000e53f0000, 0x00000000e8000000)
  object space 85952K, 66% used [0x00000000e0000000,0x00000000e37b8070,0x00000000e53f0000)
}
Event: 32.891 GC heap before
{Heap before GC invocations=43 (full 1):
 PSYoungGen      total 90240K, used 86828K [0x00000000fa000000, 0x00000000fff10000, 0x0000000100000000)
  eden space 82944K, 100% used [0x00000000fa000000,0x00000000ff100000,0x00000000ff100000)
  from space 7296K, 53% used [0x00000000ff100000,0x00000000ff4cb3a0,0x00000000ff820000)
  to   space 6976K, 0% used [0x00000000ff840000,0x00000000ff840000,0x00000000fff10000)
 ParOldGen       total 74752K, used 54867K [0x00000000e8000000, 0x00000000ec900000, 0x00000000fa000000)
  object space 74752K, 73% used [0x00000000e8000000,0x00000000eb594f08,0x00000000ec900000)
 PSPermGen       total 85952K, used 57781K [0x00000000e0000000, 0x00000000e53f0000, 0x00000000e8000000)
  object space 85952K, 67% used [0x00000000e0000000,0x00000000e386d670,0x00000000e53f0000)
Event: 32.896 GC heap after
Heap after GC invocations=43 (full 1):
 PSYoungGen      total 90368K, used 4824K [0x00000000fa000000, 0x00000000fffb0000, 0x0000000100000000)
  eden space 83392K, 0% used [0x00000000fa000000,0x00000000fa000000,0x00000000ff170000)
  from space 6976K, 69% used [0x00000000ff840000,0x00000000ffcf6388,0x00000000fff10000)
  to   space 6976K, 0% used [0x00000000ff170000,0x00000000ff170000,0x00000000ff840000)
 ParOldGen       total 74752K, used 55003K [0x00000000e8000000, 0x00000000ec900000, 0x00000000fa000000)
  object space 74752K, 73% used [0x00000000e8000000,0x00000000eb5b6f08,0x00000000ec900000)
 PSPermGen       total 85952K, used 57781K [0x00000000e0000000, 0x00000000e53f0000, 0x00000000e8000000)
  object space 85952K, 67% used [0x00000000e0000000,0x00000000e386d670,0x00000000e53f0000)
}

Deoptimization events (10 events):
Event: 33.242 Thread 0x00000000621c3000 Uncommon trap -34 fr.pc 0x000000002423d500
Event: 33.243 Thread 0x00000000621c3000 Uncommon trap -34 fr.pc 0x000000002423d500
Event: 33.301 Thread 0x00000000621c3000 Uncommon trap -34 fr.pc 0x000000002423d500
Event: 33.302 Thread 0x0000000022a09000 Uncommon trap -34 fr.pc 0x000000002423d500
Event: 33.799 Thread 0x000000006263a800 Uncommon trap -58 fr.pc 0x00000000243559f8
Event: 34.726 Thread 0x00000000621c3000 Uncommon trap -83 fr.pc 0x000000002434f14c
Event: 35.744 Thread 0x0000000022a09000 Uncommon trap -58 fr.pc 0x00000000243dba84
Event: 35.758 Thread 0x0000000022a09000 Uncommon trap -58 fr.pc 0x00000000241d06a0
Event: 36.802 Thread 0x00000000621c3000 Uncommon trap -58 fr.pc 0x00000000243dba84
Event: 36.802 Thread 0x00000000621c3000 Uncommon trap -58 fr.pc 0x00000000243dba84

Internal exceptions (10 events):
Event: 36.854 Thread 0x0000000022a09000 Threw 0x00000000fdcf17d8 at C:\jdk7u1_64p\jdk7u11\hotspot\src\share\vm\prims\jvm.cpp:1166
Event: 36.854 Thread 0x0000000022a09000 Threw 0x00000000fdd1dc10 at C:\jdk7u1_64p\jdk7u11\hotspot\src\share\vm\prims\jvm.cpp:1166
Event: 37.083 Thread 0x0000000022a09000 Threw 0x00000000fe201cc8 at C:\jdk7u1_64p\jdk7u11\hotspot\src\share\vm\prims\jvm.cpp:1166
Event: 37.083 Thread 0x0000000022a09000 Threw 0x00000000fe221268 at C:\jdk7u1_64p\jdk7u11\hotspot\src\share\vm\prims\jvm.cpp:1166
Event: 37.086 Thread 0x0000000022a09000 Threw 0x00000000fe22d9e0 at C:\jdk7u1_64p\jdk7u11\hotspot\src\share\vm\prims\jvm.cpp:1166
Event: 37.086 Thread 0x0000000022a09000 Threw 0x00000000fe24cfd0 at C:\jdk7u1_64p\jdk7u11\hotspot\src\share\vm\prims\jvm.cpp:1166
Event: 37.087 Thread 0x0000000022a09000 Threw 0x00000000fe250470 at C:\jdk7u1_64p\jdk7u11\hotspot\src\share\vm\prims\jvm.cpp:1166
Event: 37.087 Thread 0x0000000022a09000 Threw 0x00000000fe279a08 at C:\jdk7u1_64p\jdk7u11\hotspot\src\share\vm\prims\jvm.cpp:1166
Event: 37.087 Thread 0x0000000022a09000 Threw 0x00000000fe27c820 at C:\jdk7u1_64p\jdk7u11\hotspot\src\share\vm\prims\jvm.cpp:1166
Event: 37.087 Thread 0x0000000022a09000 Threw 0x00000000fe2a4740 at C:\jdk7u1_64p\jdk7u11\hotspot\src\share\vm\prims\jvm.cpp:1166

Events (10 events):
Event: 37.086 loading class 0x000000010e81f6d0
Event: 37.086 loading class 0x000000010e81f6d0 done
Event: 37.086 loading class 0x000000010e81f650
Event: 37.086 loading class 0x000000010e81f650 done
Event: 37.086 loading class 0x000000010e816a90
Event: 37.086 loading class 0x000000010e816a90 done
Event: 37.087 loading class 0x000000010ce6f9f0
Event: 37.087 loading class 0x000000010ce6f9f0 done
Event: 37.087 loading class 0x000000010ce6d2e0
Event: 37.087 loading class 0x000000010ce6d2e0 done


Dynamic libraries:
0x0000000140000000 - 0x0000000140029000 	C:\work_station\MATLAB\bin\win64\MATLAB.exe
0x0000000077390000 - 0x0000000077539000 	C:\Windows\SYSTEM32\ntdll.dll
0x0000000077270000 - 0x000000007738f000 	C:\Windows\system32\kernel32.dll
0x000007fefd090000 - 0x000007fefd0fc000 	C:\Windows\system32\KERNELBASE.dll
0x000000006f060000 - 0x000000006f3dc000 	C:\work_station\MATLAB\bin\win64\libmwservices.dll
0x000000006fe80000 - 0x000000006ff56000 	C:\work_station\MATLAB\bin\win64\libmwi18n.dll
0x000000006fe70000 - 0x000000006fe7d000 	C:\work_station\MATLAB\bin\win64\libmwresource_core.dll
0x00000000684b0000 - 0x0000000068548000 	C:\work_station\MATLAB\bin\win64\MSVCP100.dll
0x00000000683d0000 - 0x00000000684a2000 	C:\work_station\MATLAB\bin\win64\MSVCR100.dll
0x0000000000020000 - 0x000000000002e000 	C:\work_station\MATLAB\bin\win64\boost_date_time-vc100-mt-1_49.dll
0x00000000685c0000 - 0x00000000685ec000 	C:\work_station\MATLAB\bin\win64\boost_filesystem-vc100-mt-1_49.dll
0x000000006f410000 - 0x000000006f419000 	C:\work_station\MATLAB\bin\win64\boost_system-vc100-mt-1_49.dll
0x000007fefde60000 - 0x000007fefdf3b000 	C:\Windows\system32\ADVAPI32.dll
0x000007fefdc90000 - 0x000007fefdd2f000 	C:\Windows\system32\msvcrt.dll
0x000007feff4a0000 - 0x000007feff4bf000 	C:\Windows\SYSTEM32\sechost.dll
0x000007fefe4e0000 - 0x000007fefe60d000 	C:\Windows\system32\RPCRT4.dll
0x00000000040d0000 - 0x00000000040f5000 	C:\work_station\MATLAB\bin\win64\LIBEXPAT.dll
0x0000000068240000 - 0x00000000683ca000 	C:\work_station\MATLAB\bin\win64\icuin49.dll
0x0000000068100000 - 0x000000006823e000 	C:\work_station\MATLAB\bin\win64\icuuc49.dll
0x0000000064d30000 - 0x0000000065e52000 	C:\work_station\MATLAB\bin\win64\icudt49.dll
0x000000006eec0000 - 0x000000006eed0000 	C:\work_station\MATLAB\bin\win64\icuio49.dll
0x0000000004140000 - 0x00000000041fb000 	C:\work_station\MATLAB\bin\win64\libut.dll
0x000000006f960000 - 0x000000006fb07000 	C:\work_station\MATLAB\bin\win64\libmwfl.dll
0x0000000004310000 - 0x000000000471f000 	C:\work_station\MATLAB\bin\win64\libmwMATLAB_res.dll
0x0000000068020000 - 0x00000000680ff000 	C:\work_station\MATLAB\bin\win64\boost_regex-vc100-mt-1_49.dll
0x0000000077170000 - 0x000000007726a000 	C:\Windows\system32\USER32.dll
0x000007fefe1e0000 - 0x000007fefe247000 	C:\Windows\system32\GDI32.dll
0x000007fefe1d0000 - 0x000007fefe1de000 	C:\Windows\system32\LPK.dll
0x000007feff4f0000 - 0x000007feff5b9000 	C:\Windows\system32\USP10.dll
0x00000000685a0000 - 0x00000000685b1000 	C:\work_station\MATLAB\bin\win64\boost_signals-vc100-mt-1_49.dll
0x0000000068580000 - 0x0000000068591000 	C:\work_station\MATLAB\bin\win64\boost_thread-vc100-mt-1_49.dll
0x0000000067f90000 - 0x000000006801c000 	C:\work_station\MATLAB\bin\win64\boost_log-vc100-mt-1_49.dll
0x0000000077560000 - 0x0000000077567000 	C:\Windows\system32\PSAPI.DLL
0x000007feff650000 - 0x000007feff69d000 	C:\Windows\system32\WS2_32.dll
0x000007feff4c0000 - 0x000007feff4c8000 	C:\Windows\system32\NSI.dll
0x000007feeb8d0000 - 0x000007feeb903000 	C:\work_station\MATLAB\bin\win64\tbb.dll
0x000007feff4d0000 - 0x000007feff4e9000 	C:\Windows\system32\imagehlp.dll
0x000007fefd050000 - 0x000007fefd07c000 	C:\Windows\system32\POWRPROF.dll
0x000007fefdab0000 - 0x000007fefdc87000 	C:\Windows\system32\SETUPAPI.dll
0x000007fefd1a0000 - 0x000007fefd1d6000 	C:\Windows\system32\CFGMGR32.dll
0x000007fefe400000 - 0x000007fefe4d7000 	C:\Windows\system32\OLEAUT32.dll
0x000007fefd8a0000 - 0x000007fefdaa3000 	C:\Windows\system32\ole32.dll
0x000007fefcf60000 - 0x000007fefcf7a000 	C:\Windows\system32\DEVOBJ.dll
0x0000000004720000 - 0x000000000481b000 	C:\work_station\MATLAB\bin\win64\libmx.dll
0x000007fef31e0000 - 0x000007fef3208000 	C:\work_station\MATLAB\bin\win64\tbbmalloc.dll
0x0000000068560000 - 0x0000000068577000 	C:\work_station\MATLAB\bin\win64\zlib1.dll
0x000000006ef00000 - 0x000000006ef4e000 	C:\work_station\MATLAB\bin\win64\libmwregexp.dll
0x0000000004820000 - 0x0000000004867000 	C:\work_station\MATLAB\bin\win64\mpath.dll
0x0000000004870000 - 0x0000000004e98000 	C:\work_station\MATLAB\bin\win64\mlutil.dll
0x000000006e870000 - 0x000000006e8e7000 	C:\work_station\MATLAB\bin\win64\xmlcore.dll
0x0000000067d40000 - 0x0000000067f81000 	C:\work_station\MATLAB\bin\win64\xerces-c_2_7.dll
0x000000006e5f0000 - 0x000000006e613000 	C:\work_station\MATLAB\bin\win64\libmwMATLAB_settings_res.dll
0x000000006f400000 - 0x000000006f410000 	C:\work_station\MATLAB\bin\win64\boost_iostreams-vc100-mt-1_49.dll
0x0000000067cf0000 - 0x0000000067d36000 	C:\work_station\MATLAB\bin\win64\boost_serialization-vc100-mt-1_49.dll
0x000007fefe710000 - 0x000007feff498000 	C:\Windows\system32\SHELL32.dll
0x000007fefe150000 - 0x000007fefe1c1000 	C:\Windows\system32\SHLWAPI.dll
0x000000006e580000 - 0x000000006e586000 	C:\work_station\MATLAB\bin\win64\libmwnativedisplay.dll
0x00000000685f0000 - 0x000000006863d000 	C:\work_station\MATLAB\bin\win64\opccore.dll
0x0000000004ea0000 - 0x0000000004f76000 	C:\work_station\MATLAB\bin\win64\opcmodel.dll
0x0000000004f80000 - 0x0000000004fad000 	C:\work_station\MATLAB\bin\win64\opczippackage.dll
0x0000000068550000 - 0x000000006855e000 	C:\work_station\MATLAB\bin\win64\libminizip.dll
0x0000000004fb0000 - 0x0000000005016000 	C:\work_station\MATLAB\bin\win64\opcmwservices.dll
0x000007fefa6d0000 - 0x000007fefa770000 	C:\Windows\WinSxS\amd64_microsoft.windows.common-controls_6595b64144ccf1df_5.82.7601.18201_none_a4d3b9377117c3df\COMCTL32.dll
0x000007fefe250000 - 0x000007fefe2e7000 	C:\Windows\system32\COMDLG32.dll
0x000007fefafb0000 - 0x000007fefafc6000 	C:\Windows\system32\NETAPI32.dll
0x000007fefafa0000 - 0x000007fefafac000 	C:\Windows\system32\netutils.dll
0x000007fefc9e0000 - 0x000007fefca03000 	C:\Windows\system32\srvcli.dll
0x000007fefaf80000 - 0x000007fefaf95000 	C:\Windows\system32\wkscli.dll
0x000000006e4d0000 - 0x000000006e57d000 	C:\work_station\MATLAB\bin\win64\mcr.dll
0x000000006e110000 - 0x000000006e4d0000 	C:\work_station\MATLAB\bin\win64\iqm.dll
0x0000000180000000 - 0x00000001800c2000 	C:\work_station\MATLAB\bin\win64\m_dispatcher.dll
0x0000000005020000 - 0x000000000581b000 	C:\work_station\MATLAB\bin\win64\m_interpreter.dll
0x000000006d760000 - 0x000000006d784000 	C:\work_station\MATLAB\bin\win64\libmex.dll
0x000000006d6e0000 - 0x000000006d75b000 	C:\work_station\MATLAB\bin\win64\profiler.dll
0x000000006d450000 - 0x000000006d5c8000 	C:\work_station\MATLAB\bin\win64\libmwmathutil.dll
0x000000006d420000 - 0x000000006d447000 	C:\work_station\MATLAB\bin\win64\libmwmathrng.dll
0x000000006d410000 - 0x000000006d420000 	C:\work_station\MATLAB\bin\win64\libmwmfl_rng.dll
0x0000000005820000 - 0x0000000005938000 	C:\work_station\MATLAB\bin\win64\libmwmathcore.dll
0x000000006d2b0000 - 0x000000006d313000 	C:\work_station\MATLAB\bin\win64\libmwspmatrix.dll
0x0000000005940000 - 0x0000000005ba2000 	C:\work_station\MATLAB\bin\win64\mcos.dll
0x000000006cfc0000 - 0x000000006d01c000 	C:\work_station\MATLAB\bin\win64\libmwcholmod.dll
0x000000006cfb0000 - 0x000000006cfbc000 	C:\work_station\MATLAB\bin\win64\libmwamd.dll
0x000000006cfa0000 - 0x000000006cfab000 	C:\work_station\MATLAB\bin\win64\libmwcolamd.dll
0x000000006cf80000 - 0x000000006cf93000 	C:\work_station\MATLAB\bin\win64\libmwblas.dll
0x000000006cf60000 - 0x000000006cf75000 	C:\work_station\MATLAB\bin\win64\libmwbinder.dll
0x000000006cf50000 - 0x000000006cf5b000 	C:\work_station\MATLAB\bin\win64\libmwompwrapper.dll
0x000000006ced0000 - 0x000000006cf4f000 	C:\work_station\MATLAB\bin\win64\libmwlapack.dll
0x000000006ceb0000 - 0x000000006ced0000 	C:\work_station\MATLAB\bin\win64\m_pcodeio.dll
0x000000006ce50000 - 0x000000006ceac000 	C:\work_station\MATLAB\bin\win64\m_ir.dll
0x0000000005bb0000 - 0x0000000006265000 	C:\work_station\MATLAB\bin\win64\m_parser.dll
0x000000006c780000 - 0x000000006c797000 	C:\work_station\MATLAB\bin\win64\ir_xfmr.dll
0x000000006c770000 - 0x000000006c780000 	C:\work_station\MATLAB\bin\win64\mtok.dll
0x000000006c740000 - 0x000000006c768000 	C:\work_station\MATLAB\bin\win64\m_pcodegen.dll
0x000007fef7fb0000 - 0x000007fef80d5000 	C:\Windows\system32\dbghelp.dll
0x000000006c710000 - 0x000000006c73f000 	C:\work_station\MATLAB\bin\win64\libmwbridge.dll
0x000000006c650000 - 0x000000006c706000 	C:\work_station\MATLAB\bin\win64\udd.dll
0x0000000006270000 - 0x00000000063c1000 	C:\work_station\MATLAB\bin\win64\libmwgui.dll
0x000000006c4d0000 - 0x000000006c4f8000 	C:\work_station\MATLAB\bin\win64\graphics_util.dll
0x0000000067b70000 - 0x0000000067c28000 	C:\work_station\MATLAB\bin\win64\libtex_base.dll
0x000000006bac0000 - 0x000000006c426000 	C:\work_station\MATLAB\bin\win64\hg.dll
0x000000006ba60000 - 0x000000006babd000 	C:\work_station\MATLAB\bin\win64\libmat.dll
0x000000006b850000 - 0x000000006ba58000 	C:\work_station\MATLAB\bin\win64\hdf5dll.dll
0x000000006b780000 - 0x000000006b848000 	C:\work_station\MATLAB\bin\win64\jmi.dll
0x000000006b770000 - 0x000000006b77e000 	C:\work_station\MATLAB\bin\win64\nativejava_services.dll
0x00000000063e0000 - 0x0000000006422000 	C:\work_station\MATLAB\bin\win64\libmwhardcopy.dll
0x000000006b6d0000 - 0x000000006b72e000 	C:\work_station\MATLAB\bin\win64\libuij.dll
0x000000006b490000 - 0x000000006b695000 	C:\work_station\MATLAB\bin\win64\hgdatatypes.dll
0x0000000006430000 - 0x0000000006542000 	C:\work_station\MATLAB\bin\win64\hgutils.dll
0x000000006b2f0000 - 0x000000006b39e000 	C:\work_station\MATLAB\bin\win64\udd_mi.dll
0x000000006b2b0000 - 0x000000006b2e6000 	C:\work_station\MATLAB\bin\win64\libmwgbtutils.dll
0x000000006b290000 - 0x000000006b2a3000 	C:\work_station\MATLAB\bin\win64\libmwgbt.dll
0x000000006afc0000 - 0x000000006b28f000 	C:\work_station\MATLAB\bin\win64\uiw.dll
0x000000006afb0000 - 0x000000006afb9000 	C:\work_station\MATLAB\bin\win64\uinone.dll
0x000000006af80000 - 0x000000006afac000 	C:\work_station\MATLAB\bin\win64\libmwnativedialogs.dll
0x000000006af70000 - 0x000000006af7c000 	C:\work_station\MATLAB\bin\win64\libmwplatform_res.dll
0x000007fef89d0000 - 0x000007fef89e8000 	C:\Windows\system32\MPR.dll
0x0000000066a30000 - 0x0000000066f8d000 	C:\work_station\MATLAB\bin\win64\mfc100.dll
0x000007feface0000 - 0x000007feface7000 	C:\Windows\system32\MSIMG32.dll
0x000007fef9810000 - 0x000007fef9881000 	C:\Windows\system32\WINSPOOL.DRV
0x000000006af50000 - 0x000000006af6d000 	C:\work_station\MATLAB\bin\win64\mwoles05.DLL
0x000000006aee0000 - 0x000000006af4c000 	C:\work_station\MATLAB\bin\win64\comcli.dll
0x0000000067cc0000 - 0x0000000067ceb000 	C:\work_station\MATLAB\bin\win64\ATL100.DLL
0x000000006aed0000 - 0x000000006aedc000 	C:\work_station\MATLAB\bin\win64\mlautoregister.dll
0x0000000006560000 - 0x00000000066cf000 	C:\work_station\MATLAB\bin\win64\mvm.dll
0x000007fefde30000 - 0x000007fefde5e000 	C:\Windows\system32\IMM32.DLL
0x000007fefe2f0000 - 0x000007fefe3f9000 	C:\Windows\system32\MSCTF.dll
0x000007fefb780000 - 0x000007fefb7d6000 	C:\Windows\system32\UxTheme.dll
0x000007fefcf40000 - 0x000007fefcf58000 	C:\Windows\system32\dwmapi.dll

VM Arguments:
jvm_args: -XX:PermSize=32m -Xms64m -XX:NewRatio=3 -XX:MaxPermSize=128m -Xmx384m -XX:MaxDirectMemorySize=2147400000 -Dsun.java2d.noddraw=true -Dsun.awt.nopixfmt=true -Xshare:off -Xrs -XX:-UseSplitVerifier -Djava.library.path=C:\work_station\MATLAB\bin\win64;C:\work_station\MATLAB\sys\jxbrowser\win64\lib vfprintf abort -Duser.language=zh -Duser.country=CN -XX:ParallelGCThreads=6 
java_command: <unknown>
Launcher Type: generic

Environment Variables:
PATH=E:\FPGA\SOC\Quartus\quartus\bin64;C:\Program Files (x86)\NVIDIA Corporation\PhysX\Common;C:\Program Files (x86)\PC Connectivity Solution\;C:\Program Files (x86)\WiT8.0 Demo\bin;C:\Program Files (x86)\Intel\iCLS Client\;C:\Program Files\Intel\iCLS Client\;C:\Windows\system32;C:\Windows;C:\Windows\System32\Wbem;C:\Windows\System32\WindowsPowerShell\v1.0\;C:\Program Files\Intel\Intel(R) Management Engine Components\DAL;C:\Program Files\Intel\Intel(R) Management Engine Components\IPT;C:\Program Files (x86)\Intel\Intel(R) Management Engine Components\DAL;C:\Program Files (x86)\Intel\Intel(R) Management Engine Components\IPT;C:\work_station\MATLAB\runtime\win64;C:\work_station\MATLAB\bin;C:\work_station\MATLAB\polyspace\bin;C:\Program Files (x86)\Microsoft SQL Server\100\Tools\Binn\;C:\Program Files\Microsoft SQL Server\100\Tools\Binn\;C:\Program Files\Microsoft SQL Server\100\DTS\Binn\;C:\Program Files (x86)\IVI Foundation\VISA\WinNT\Bin\;C:\Program Files\IVI Foundation\VISA\Win64\Bin\;C:\Program Files (x86)\IVI Foundation\VISA\WinNT\Bin;C:\work_station\FPGA\Quartus\quartus\modelsim_ase\win32aloem;C:\work_station\FPGA\modelsim\win64
USERNAME=Given_Jiang
OS=Windows_NT
PROCESSOR_IDENTIFIER=Intel64 Family 6 Model 42 Stepping 5, GenuineIntel



---------------  S Y S T E M  ---------------

OS: Windows 7 , 64 bit Build 7601 Service Pack 1

CPU:total 8 (4 cores per cpu, 2 threads per core) family 6 model 42 stepping 5, cmov, cx8, fxsr, mmx, sse, sse2, sse3, ssse3, sse4.1, sse4.2, popcnt, avx, ht, tsc, tscinvbit

Memory: 4k page, physical 8365596k(4479028k free), swap 16729336k(12194016k free)

vm_info: Java HotSpot(TM) 64-Bit Server VM (23.6-b04) for windows-amd64 JRE (1.7.0_11-b21), built on Jan 12 2013 02:38:42 by "java_re" with unknown MS VC++:1600

time: Thu Feb 12 08:47:40 2015
elapsed time: 37 seconds

