#
# A fatal error has been detected by the Java Runtime Environment:
#
#  EXCEPTION_ACCESS_VIOLATION (0xc0000005) at pc=0x00000000773e2f86, pid=7564, tid=7788
#
# JRE version: 7.0_11-b21
# Java VM: Java HotSpot(TM) 64-Bit Server VM (23.6-b04 mixed mode windows-amd64 compressed oops)
# Problematic frame:
# C  [ntdll.dll+0x52f86]
#
# Failed to write core dump. Minidumps are not enabled by default on client versions of Windows
#
# If you would like to submit a bug report, please visit:
#   http://bugreport.sun.com/bugreport/crash.jsp
# The crash happened outside the Java Virtual Machine in native code.
# See problematic frame for where to report the bug.
#

---------------  T H R E A D  ---------------

Current thread (0x00000000236d2800):  JavaThread "main" [_thread_in_native, id=7788, stack(0x0000000000030000,0x0000000004030000)]

siginfo: ExceptionCode=0xc0000005, writing address 0xffffffffcc81d600

Registers:
RAX=0x000007fef93f94d2, RBX=0x0000000004020c40, RCX=0xffffffffcc81d5f8, RDX=0x00000000040205b0
RSP=0x0000000004020490, RBP=0x000007fed80ecb08, RSI=0x0000000000000000, RDI=0xffffffffcc81d5d0
R8 =0x000007fffffde000, R9 =0x8be24bff005b3944, R10=0x00000000041e06d0, R11=0x8101010101010100
R12=0x0000000000000000, R13=0x0000000000000001, R14=0x00000000040205b0, R15=0x0000000000004000
RIP=0x00000000773e2f86, EFLAGS=0x0000000000010206

Top of Stack: (sp=0x0000000004020490)
0x0000000004020490:   0000000800000000 0000000000000005
0x00000000040204a0:   0000012b0032000a 00000000041aa520
0x00000000040204b0:   0000000004020c40 000007fefd09588e
0x00000000040204c0:   000007fe02080004 0000000059a18628
0x00000000040204d0:   0000000059a18600 00000000cc7ef2a6
0x00000000040204e0:   00000000041a0000 00000000773b654f
0x00000000040204f0:   0072006102080008 00000000cc7ef2a0
0x0000000004020500:   0000002500250006 00000000041e06d0
0x0000000004020510:   0000000000000000 0000000000060004
0x0000000004020520:   00000000cc7ed1d0 0000000004020638
0x0000000004020530:   0000000000000000 0000000000000001
0x0000000004020540:   000000000000001e 00000001180692e0
0x0000000004020550:   0000000000000000 0000000004020850
0x0000000004020560:   0000000000000000 000007fefd0cc021
0x0000000004020570:   0000000000000001 0000000004020c40
0x0000000004020580:   ffffffffcc81d5d0 00000000041aa240 

Instructions: (pc=0x00000000773e2f86)
0x00000000773e2f66:   f0 48 0f c3 51 f8 75 d0 f0 80 0c 24 00 e9 56 ff
0x00000000773e2f76:   ff ff 90 90 90 90 90 90 90 90 ff f3 48 83 ec 20
0x00000000773e2f86:   f0 0f ba 71 08 00 48 8b d9 0f 83 59 b2 ff ff 65
0x00000000773e2f96:   48 8b 04 25 30 00 00 00 48 8b 48 48 c7 43 0c 01 


Register to memory mapping:

RAX=0x000007fef93f94d2 is an unknown value
RBX=0x0000000004020c40 is pointing into the stack for thread: 0x00000000236d2800
RCX=0xffffffffcc81d5f8 is an unknown value
RDX=0x00000000040205b0 is pointing into the stack for thread: 0x00000000236d2800
RSP=0x0000000004020490 is pointing into the stack for thread: 0x00000000236d2800
RBP=0x000007fed80ecb08 is an unknown value
RSI=0x0000000000000000 is an unknown value
RDI=0xffffffffcc81d5d0 is an unknown value
R8 =0x000007fffffde000 is an unknown value
R9 =0x8be24bff005b3944 is an unknown value
R10=0x00000000041e06d0 is an unknown value
R11=0x8101010101010100 is an unknown value
R12=0x0000000000000000 is an unknown value
R13=0x0000000000000001 is an unknown value
R14=0x00000000040205b0 is pointing into the stack for thread: 0x00000000236d2800
R15=0x0000000000004000 is an unknown value


Stack: [0x0000000000030000,0x0000000004030000],  sp=0x0000000004020490,  free space=65473k
Native frames: (J=compiled Java code, j=interpreted, Vv=VM code, C=native code)
C  [ntdll.dll+0x52f86]

Java frames: (J=compiled Java code, j=interpreted, Vv=VM code)
j  com.altera.dspbuilder.portmanager.PortManager.checkOut()Z+0
j  com.altera.dspbuilder.serialisation.ModelSerialiser.<init>(Lcom/altera/dspbuilder/simulink/SimulinkPath;Ljava/lang/String;Ljava/util/Date;Z)V+26
j  com.altera.dspbuilder.serialisation.ModelSerialiser.<init>(Lcom/altera/dspbuilder/simulink/SimulinkPath;Ljava/lang/String;Z)V+11
j  com.altera.dspbuilder.serialisation.ModelSerialiser.<init>(Ljava/lang/String;Ljava/lang/String;Z)V+11
v  ~StubRoutines::call_stub

---------------  P R O C E S S  ---------------

Java Threads: ( => current thread )
  0x000000011907b000 JavaThread "Thread-129" [_thread_blocked, id=4400, stack(0x0000000122a90000,0x0000000126a90000)]
  0x0000000119079800 JavaThread "Image Fetcher 0" daemon [_thread_blocked, id=1960, stack(0x000000012aa90000,0x000000012ea90000)]
  0x0000000102276800 JavaThread "FileDecorationCache request queue" daemon [_thread_blocked, id=7000, stack(0x0000000126a90000,0x000000012aa90000)]
  0x0000000063f64800 JavaThread "Swing-Shell" daemon [_thread_blocked, id=7688, stack(0x000000011c000000,0x0000000120000000)]
  0x0000000061e5c800 JavaThread "ClipboardMonitor Timer" daemon [_thread_blocked, id=1832, stack(0x00000000d0fd0000,0x00000000d4fd0000)]
  0x0000000061e5b800 JavaThread "Explorer NavigationContext request queue" daemon [_thread_blocked, id=7936, stack(0x00000000ccfd0000,0x00000000d0fd0000)]
  0x0000000061e56800 JavaThread "AddressBar directory emptiness poller" daemon [_thread_blocked, id=6676, stack(0x00000000c0fd0000,0x00000000c4fd0000)]
  0x0000000061e57000 JavaThread "Explorer Refresh Service 1174611709" daemon [_thread_blocked, id=7952, stack(0x00000000bcfd0000,0x00000000c0fd0000)]
  0x0000000063f67800 JavaThread "Thread-4" daemon [_thread_blocked, id=292, stack(0x00000000b4000000,0x00000000b8000000)]
  0x0000000061e58800 JavaThread "TimerQueue" daemon [_thread_blocked, id=8072, stack(0x00000000a8000000,0x00000000ac000000)]
  0x0000000061e55800 JavaThread "Thread-3" daemon [_thread_blocked, id=1256, stack(0x0000000098000000,0x000000009c000000)]
  0x0000000062544800 JavaThread "FelixPackageAdmin" daemon [_thread_blocked, id=7236, stack(0x00000000a4000000,0x00000000a8000000)]
  0x0000000062544000 JavaThread "FelixStartLevel" daemon [_thread_blocked, id=6560, stack(0x00000000a0000000,0x00000000a4000000)]
  0x0000000062432800 JavaThread "FelixDispatchQueue" daemon [_thread_blocked, id=3852, stack(0x000000009c000000,0x00000000a0000000)]
  0x0000000062197800 JavaThread "AWT-EventQueue-0" [_thread_blocked, id=6556, stack(0x0000000094000000,0x0000000098000000)]
  0x0000000062176800 JavaThread "com.google.common.base.internal.Finalizer" daemon [_thread_blocked, id=5124, stack(0x0000000090000000,0x0000000094000000)]
  0x000000006215f800 JavaThread "AWT-Windows" daemon [_thread_in_native, id=7984, stack(0x0000000088000000,0x000000008c000000)]
  0x000000006215f000 JavaThread "AWT-Shutdown" [_thread_blocked, id=7604, stack(0x0000000084000000,0x0000000088000000)]
  0x000000006215e000 JavaThread "Java2D Disposer" daemon [_thread_blocked, id=1004, stack(0x0000000080000000,0x0000000084000000)]
  0x0000000023d6c800 JavaThread "Timer-0" [_thread_blocked, id=3212, stack(0x0000000077570000,0x000000007b570000)]
  0x0000000023d72000 JavaThread "EventMgr Dispatcher" daemon [_thread_in_native, id=1240, stack(0x0000000072130000,0x0000000076130000)]
  0x00000000239ac000 JavaThread "Service Thread" daemon [_thread_blocked, id=5684, stack(0x0000000059aa0000,0x000000005daa0000)]
  0x0000000023992800 JavaThread "C2 CompilerThread1" daemon [_thread_blocked, id=6896, stack(0x00000000559a0000,0x00000000599a0000)]
  0x000000002398f000 JavaThread "C2 CompilerThread0" daemon [_thread_blocked, id=7424, stack(0x00000000519a0000,0x00000000559a0000)]
  0x000000002395b800 JavaThread "Attach Listener" daemon [_thread_blocked, id=5704, stack(0x000000004d9a0000,0x00000000519a0000)]
  0x00000000238e4000 JavaThread "Finalizer" daemon [_thread_blocked, id=2284, stack(0x00000000499a0000,0x000000004d9a0000)]
  0x00000000238de000 JavaThread "Reference Handler" daemon [_thread_blocked, id=4580, stack(0x00000000459a0000,0x00000000499a0000)]
=>0x00000000236d2800 JavaThread "main" [_thread_in_native, id=7788, stack(0x0000000000030000,0x0000000004030000)]

Other Threads:
  0x00000000238db000 VMThread [stack: 0x00000000419a0000,0x00000000459a0000] [id=1588]
  0x00000000239f9000 WatcherThread [stack: 0x000000005daa0000,0x0000000061aa0000] [id=7852]

VM state:not at safepoint (normal execution)

VM Mutex/Monitor currently owned by a thread: None

Heap
 PSYoungGen      total 88320K, used 45667K [0x00000000fa000000, 0x00000000ffed0000, 0x0000000100000000)
  eden space 80064K, 51% used [0x00000000fa000000,0x00000000fc7fae70,0x00000000fee30000)
  from space 8256K, 57% used [0x00000000ff6c0000,0x00000000ffb5e130,0x00000000ffed0000)
  to   space 8512K, 0% used [0x00000000fee30000,0x00000000fee30000,0x00000000ff680000)
 ParOldGen       total 74432K, used 51452K [0x00000000e8000000, 0x00000000ec8b0000, 0x00000000fa000000)
  object space 74432K, 69% used [0x00000000e8000000,0x00000000eb23f398,0x00000000ec8b0000)
 PSPermGen       total 86272K, used 59216K [0x00000000e0000000, 0x00000000e5440000, 0x00000000e8000000)
  object space 86272K, 68% used [0x00000000e0000000,0x00000000e39d41f8,0x00000000e5440000)

Card table byte_map: [0x0000000022bc0000,0x0000000022cd0000] byte_map_base: 0x00000000224c0000

Polling page: 0x0000000008660000

Code Cache  [0x0000000023ec0000, 0x0000000024310000, 0x0000000026ec0000)
 total_blobs=2139 nmethods=1479 adapters=610 free_code_cache=44822Kb largest_free_block=45822208

Compilation events (10 events):
Event: 64.389 Thread 0x0000000023992800 1596             java.util.EnumMap::access$600 (5 bytes)
Event: 64.390 Thread 0x0000000023992800 nmethod 1596 0x00000000242f7250 code [0x00000000242f7380, 0x00000000242f73d8]
Event: 64.390 Thread 0x000000002398f000 1597   !         sun.java2d.SunGraphics2D::validateCompClip (224 bytes)
Event: 64.395 Thread 0x000000002398f000 nmethod 1597 0x0000000024308110 code [0x0000000024308300, 0x0000000024308920]
Event: 65.045 Thread 0x0000000023992800 1598             com.altera.etc.minieval.MiniLex::getNext (45 bytes)
Event: 65.046 Thread 0x0000000023992800 nmethod 1598 0x00000000242f8290 code [0x00000000242f83e0, 0x00000000242f8498]
Event: 65.147 Thread 0x000000002398f000 1599             java.nio.Buffer::checkIndex (24 bytes)
Event: 65.147 Thread 0x0000000023992800 1600             java.nio.HeapCharBuffer::get (15 bytes)
Event: 65.147 Thread 0x000000002398f000 nmethod 1599 0x00000000242f8050 code [0x00000000242f8180, 0x00000000242f81f8]
Event: 65.148 Thread 0x0000000023992800 nmethod 1600 0x00000000242f7cd0 code [0x00000000242f7e00, 0x00000000242f7eb8]

GC Heap History (10 events):
Event: 31.177 GC heap before
{Heap before GC invocations=43 (full 1):
 PSYoungGen      total 84992K, used 77372K [0x00000000fa000000, 0x00000000fff10000, 0x0000000100000000)
  eden space 73600K, 100% used [0x00000000fa000000,0x00000000fe7e0000,0x00000000fe7e0000)
  from space 11392K, 33% used [0x00000000fe7e0000,0x00000000feb8f178,0x00000000ff300000)
  to   space 10752K, 0% used [0x00000000ff490000,0x00000000ff490000,0x00000000fff10000)
 ParOldGen       total 74432K, used 50756K [0x00000000e8000000, 0x00000000ec8b0000, 0x00000000fa000000)
  object space 74432K, 68% used [0x00000000e8000000,0x00000000eb191398,0x00000000ec8b0000)
 PSPermGen       total 86272K, used 56916K [0x00000000e0000000, 0x00000000e5440000, 0x00000000e8000000)
  object space 86272K, 65% used [0x00000000e0000000,0x00000000e3795000,0x00000000e5440000)
Event: 31.180 GC heap after
Heap after GC invocations=43 (full 1):
 PSYoungGen      total 86208K, used 3539K [0x00000000fa000000, 0x00000000ffe60000, 0x0000000100000000)
  eden space 76160K, 0% used [0x00000000fa000000,0x00000000fa000000,0x00000000fea60000)
  from space 10048K, 35% used [0x00000000ff490000,0x00000000ff804c28,0x00000000ffe60000)
  to   space 10240K, 0% used [0x00000000fea60000,0x00000000fea60000,0x00000000ff460000)
 ParOldGen       total 74432K, used 50852K [0x00000000e8000000, 0x00000000ec8b0000, 0x00000000fa000000)
  object space 74432K, 68% used [0x00000000e8000000,0x00000000eb1a9398,0x00000000ec8b0000)
 PSPermGen       total 86272K, used 56916K [0x00000000e0000000, 0x00000000e5440000, 0x00000000e8000000)
  object space 86272K, 65% used [0x00000000e0000000,0x00000000e3795000,0x00000000e5440000)
}
Event: 35.555 GC heap before
{Heap before GC invocations=44 (full 1):
 PSYoungGen      total 86208K, used 79699K [0x00000000fa000000, 0x00000000ffe60000, 0x0000000100000000)
  eden space 76160K, 100% used [0x00000000fa000000,0x00000000fea60000,0x00000000fea60000)
  from space 10048K, 35% used [0x00000000ff490000,0x00000000ff804c28,0x00000000ffe60000)
  to   space 10240K, 0% used [0x00000000fea60000,0x00000000fea60000,0x00000000ff460000)
 ParOldGen       total 74432K, used 50852K [0x00000000e8000000, 0x00000000ec8b0000, 0x00000000fa000000)
  object space 74432K, 68% used [0x00000000e8000000,0x00000000eb1a9398,0x00000000ec8b0000)
 PSPermGen       total 86272K, used 56983K [0x00000000e0000000, 0x00000000e5440000, 0x00000000e8000000)
  object space 86272K, 66% used [0x00000000e0000000,0x00000000e37a5e78,0x00000000e5440000)
Event: 35.559 GC heap after
Heap after GC invocations=44 (full 1):
 PSYoungGen      total 86400K, used 3596K [0x00000000fa000000, 0x00000000fff30000, 0x0000000100000000)
  eden space 76160K, 0% used [0x00000000fa000000,0x00000000fa000000,0x00000000fea60000)
  from space 10240K, 35% used [0x00000000fea60000,0x00000000fede3190,0x00000000ff460000)
  to   space 9728K, 0% used [0x00000000ff5b0000,0x00000000ff5b0000,0x00000000fff30000)
 ParOldGen       total 74432K, used 50892K [0x00000000e8000000, 0x00000000ec8b0000, 0x00000000fa000000)
  object space 74432K, 68% used [0x00000000e8000000,0x00000000eb1b3398,0x00000000ec8b0000)
 PSPermGen       total 86272K, used 56983K [0x00000000e0000000, 0x00000000e5440000, 0x00000000e8000000)
  object space 86272K, 66% used [0x00000000e0000000,0x00000000e37a5e78,0x00000000e5440000)
}
Event: 37.372 GC heap before
{Heap before GC invocations=45 (full 1):
 PSYoungGen      total 86400K, used 79756K [0x00000000fa000000, 0x00000000fff30000, 0x0000000100000000)
  eden space 76160K, 100% used [0x00000000fa000000,0x00000000fea60000,0x00000000fea60000)
  from space 10240K, 35% used [0x00000000fea60000,0x00000000fede3190,0x00000000ff460000)
  to   space 9728K, 0% used [0x00000000ff5b0000,0x00000000ff5b0000,0x00000000fff30000)
 ParOldGen       total 74432K, used 50892K [0x00000000e8000000, 0x00000000ec8b0000, 0x00000000fa000000)
  object space 74432K, 68% used [0x00000000e8000000,0x00000000eb1b3398,0x00000000ec8b0000)
 PSPermGen       total 86272K, used 57099K [0x00000000e0000000, 0x00000000e5440000, 0x00000000e8000000)
  object space 86272K, 66% used [0x00000000e0000000,0x00000000e37c2c50,0x00000000e5440000)
Event: 37.376 GC heap after
Heap after GC invocations=45 (full 1):
 PSYoungGen      total 87360K, used 3666K [0x00000000fa000000, 0x00000000ffe80000, 0x0000000100000000)
  eden space 78336K, 0% used [0x00000000fa000000,0x00000000fa000000,0x00000000fec80000)
  from space 9024K, 40% used [0x00000000ff5b0000,0x00000000ff9448a0,0x00000000ffe80000)
  to   space 9216K, 0% used [0x00000000fec80000,0x00000000fec80000,0x00000000ff580000)
 ParOldGen       total 74432K, used 50924K [0x00000000e8000000, 0x00000000ec8b0000, 0x00000000fa000000)
  object space 74432K, 68% used [0x00000000e8000000,0x00000000eb1bb398,0x00000000ec8b0000)
 PSPermGen       total 86272K, used 57099K [0x00000000e0000000, 0x00000000e5440000, 0x00000000e8000000)
  object space 86272K, 66% used [0x00000000e0000000,0x00000000e37c2c50,0x00000000e5440000)
}
Event: 48.425 GC heap before
{Heap before GC invocations=46 (full 1):
 PSYoungGen      total 87360K, used 82002K [0x00000000fa000000, 0x00000000ffe80000, 0x0000000100000000)
  eden space 78336K, 100% used [0x00000000fa000000,0x00000000fec80000,0x00000000fec80000)
  from space 9024K, 40% used [0x00000000ff5b0000,0x00000000ff9448a0,0x00000000ffe80000)
  to   space 9216K, 0% used [0x00000000fec80000,0x00000000fec80000,0x00000000ff580000)
 ParOldGen       total 74432K, used 50924K [0x00000000e8000000, 0x00000000ec8b0000, 0x00000000fa000000)
  object space 74432K, 68% used [0x00000000e8000000,0x00000000eb1bb398,0x00000000ec8b0000)
 PSPermGen       total 86272K, used 57349K [0x00000000e0000000, 0x00000000e5440000, 0x00000000e8000000)
  object space 86272K, 66% used [0x00000000e0000000,0x00000000e3801478,0x00000000e5440000)
Event: 48.430 GC heap after
Heap after GC invocations=46 (full 1):
 PSYoungGen      total 87552K, used 4114K [0x00000000fa000000, 0x00000000fff50000, 0x0000000100000000)
  eden space 78336K, 0% used [0x00000000fa000000,0x00000000fa000000,0x00000000fec80000)
  from space 9216K, 44% used [0x00000000fec80000,0x00000000ff0848a0,0x00000000ff580000)
  to   space 8768K, 0% used [0x00000000ff6c0000,0x00000000ff6c0000,0x00000000fff50000)
 ParOldGen       total 74432K, used 51180K [0x00000000e8000000, 0x00000000ec8b0000, 0x00000000fa000000)
  object space 74432K, 68% used [0x00000000e8000000,0x00000000eb1fb398,0x00000000ec8b0000)
 PSPermGen       total 86272K, used 57349K [0x00000000e0000000, 0x00000000e5440000, 0x00000000e8000000)
  object space 86272K, 66% used [0x00000000e0000000,0x00000000e3801478,0x00000000e5440000)
}
Event: 63.446 GC heap before
{Heap before GC invocations=47 (full 1):
 PSYoungGen      total 87552K, used 82450K [0x00000000fa000000, 0x00000000fff50000, 0x0000000100000000)
  eden space 78336K, 100% used [0x00000000fa000000,0x00000000fec80000,0x00000000fec80000)
  from space 9216K, 44% used [0x00000000fec80000,0x00000000ff0848a0,0x00000000ff580000)
  to   space 8768K, 0% used [0x00000000ff6c0000,0x00000000ff6c0000,0x00000000fff50000)
 ParOldGen       total 74432K, used 51180K [0x00000000e8000000, 0x00000000ec8b0000, 0x00000000fa000000)
  object space 74432K, 68% used [0x00000000e8000000,0x00000000eb1fb398,0x00000000ec8b0000)
 PSPermGen       total 86272K, used 58815K [0x00000000e0000000, 0x00000000e5440000, 0x00000000e8000000)
  object space 86272K, 68% used [0x00000000e0000000,0x00000000e396fe20,0x00000000e5440000)
Event: 63.451 GC heap after
Heap after GC invocations=47 (full 1):
 PSYoungGen      total 88320K, used 4728K [0x00000000fa000000, 0x00000000ffed0000, 0x0000000100000000)
  eden space 80064K, 0% used [0x00000000fa000000,0x00000000fa000000,0x00000000fee30000)
  from space 8256K, 57% used [0x00000000ff6c0000,0x00000000ffb5e130,0x00000000ffed0000)
  to   space 8512K, 0% used [0x00000000fee30000,0x00000000fee30000,0x00000000ff680000)
 ParOldGen       total 74432K, used 51452K [0x00000000e8000000, 0x00000000ec8b0000, 0x00000000fa000000)
  object space 74432K, 69% used [0x00000000e8000000,0x00000000eb23f398,0x00000000ec8b0000)
 PSPermGen       total 86272K, used 58815K [0x00000000e0000000, 0x00000000e5440000, 0x00000000e8000000)
  object space 86272K, 68% used [0x00000000e0000000,0x00000000e396fe20,0x00000000e5440000)
}

Deoptimization events (10 events):
Event: 63.534 Thread 0x0000000062197800 Uncommon trap -83 fr.pc 0x000000002422eb7c
Event: 63.535 Thread 0x0000000062197800 Uncommon trap -34 fr.pc 0x000000002412db54
Event: 63.542 Thread 0x0000000062197800 Uncommon trap -83 fr.pc 0x0000000024102e34
Event: 63.542 Thread 0x0000000062197800 Uncommon trap -83 fr.pc 0x00000000241ee5b4
Event: 63.550 Thread 0x0000000062197800 Uncommon trap -34 fr.pc 0x000000002412db54
Event: 63.550 Thread 0x0000000062197800 Uncommon trap -34 fr.pc 0x000000002412db54
Event: 63.553 Thread 0x0000000062197800 Uncommon trap -34 fr.pc 0x000000002412db54
Event: 64.790 Thread 0x0000000062197800 Uncommon trap -34 fr.pc 0x00000000242ccc10
Event: 64.790 Thread 0x0000000062197800 Uncommon trap -58 fr.pc 0x00000000242cb438
Event: 64.791 Thread 0x0000000062197800 Uncommon trap -58 fr.pc 0x00000000242cb438

Internal exceptions (10 events):
Event: 64.924 Thread 0x00000000236d2800 Threw 0x00000000fc261c88 at C:\jdk7u1_64p\jdk7u11\hotspot\src\share\vm\prims\jvm.cpp:1166
Event: 64.924 Thread 0x00000000236d2800 Threw 0x00000000fc265e98 at C:\jdk7u1_64p\jdk7u11\hotspot\src\share\vm\prims\jvm.cpp:1166
Event: 65.206 Thread 0x00000000236d2800 Threw 0x00000000fc5918e8 at C:\jdk7u1_64p\jdk7u11\hotspot\src\share\vm\prims\jvm.cpp:1166
Event: 65.206 Thread 0x00000000236d2800 Threw 0x00000000fc5b0e88 at C:\jdk7u1_64p\jdk7u11\hotspot\src\share\vm\prims\jvm.cpp:1166
Event: 65.209 Thread 0x00000000236d2800 Threw 0x00000000fc5bd600 at C:\jdk7u1_64p\jdk7u11\hotspot\src\share\vm\prims\jvm.cpp:1166
Event: 65.210 Thread 0x00000000236d2800 Threw 0x00000000fc6d7f20 at C:\jdk7u1_64p\jdk7u11\hotspot\src\share\vm\prims\jvm.cpp:1166
Event: 65.210 Thread 0x00000000236d2800 Threw 0x00000000fc6db3c0 at C:\jdk7u1_64p\jdk7u11\hotspot\src\share\vm\prims\jvm.cpp:1166
Event: 65.210 Thread 0x00000000236d2800 Threw 0x00000000fc7040b0 at C:\jdk7u1_64p\jdk7u11\hotspot\src\share\vm\prims\jvm.cpp:1166
Event: 65.210 Thread 0x00000000236d2800 Threw 0x00000000fc706ec8 at C:\jdk7u1_64p\jdk7u11\hotspot\src\share\vm\prims\jvm.cpp:1166
Event: 65.211 Thread 0x00000000236d2800 Threw 0x00000000fc72ede8 at C:\jdk7u1_64p\jdk7u11\hotspot\src\share\vm\prims\jvm.cpp:1166

Events (10 events):
Event: 65.209 loading class 0x00000001198cc2f0
Event: 65.209 loading class 0x00000001198cc2f0 done
Event: 65.209 loading class 0x00000001198cc270
Event: 65.209 loading class 0x00000001198cc270 done
Event: 65.209 loading class 0x00000001198c05f0
Event: 65.209 loading class 0x00000001198c05f0 done
Event: 65.210 loading class 0x000000011825dee0
Event: 65.210 loading class 0x000000011825dee0 done
Event: 65.210 loading class 0x000000011825e5c0
Event: 65.210 loading class 0x000000011825e5c0 done


Dynamic libraries:
0x0000000140000000 - 0x0000000140029000 	C:\work_station\MATLAB\bin\win64\MATLAB.exe
0x0000000077390000 - 0x0000000077539000 	C:\Windows\SYSTEM32\ntdll.dll
0x0000000077270000 - 0x000000007738f000 	C:\Windows\system32\kernel32.dll
0x000007fefd090000 - 0x000007fefd0fc000 	C:\Windows\system32\KERNELBASE.dll
0x000000006f060000 - 0x000000006f3dc000 	C:\work_station\MATLAB\bin\win64\libmwservices.dll
0x000000006fe80000 - 0x000000006ff56000 	C:\work_station\MATLAB\bin\win64\libmwi18n.dll
0x000000006fe70000 - 0x000000006fe7d000 	C:\work_station\MATLAB\bin\win64\libmwresource_core.dll
0x00000000684b0000 - 0x0000000068548000 	C:\work_station\MATLAB\bin\win64\MSVCP100.dll
0x00000000683d0000 - 0x00000000684a2000 	C:\work_station\MATLAB\bin\win64\MSVCR100.dll
0x0000000000020000 - 0x000000000002e000 	C:\work_station\MATLAB\bin\win64\boost_date_time-vc100-mt-1_49.dll
0x00000000685c0000 - 0x00000000685ec000 	C:\work_station\MATLAB\bin\win64\boost_filesystem-vc100-mt-1_49.dll
0x000000006f410000 - 0x000000006f419000 	C:\work_station\MATLAB\bin\win64\boost_system-vc100-mt-1_49.dll
0x000007fefde60000 - 0x000007fefdf3b000 	C:\Windows\system32\ADVAPI32.dll
0x000007fefdc90000 - 0x000007fefdd2f000 	C:\Windows\system32\msvcrt.dll
0x000007feff4a0000 - 0x000007feff4bf000 	C:\Windows\SYSTEM32\sechost.dll
0x000007fefe4e0000 - 0x000007fefe60d000 	C:\Windows\system32\RPCRT4.dll
0x00000000040d0000 - 0x00000000040f5000 	C:\work_station\MATLAB\bin\win64\LIBEXPAT.dll
0x0000000068240000 - 0x00000000683ca000 	C:\work_station\MATLAB\bin\win64\icuin49.dll
0x0000000068100000 - 0x000000006823e000 	C:\work_station\MATLAB\bin\win64\icuuc49.dll
0x0000000064d30000 - 0x0000000065e52000 	C:\work_station\MATLAB\bin\win64\icudt49.dll
0x000000006eec0000 - 0x000000006eed0000 	C:\work_station\MATLAB\bin\win64\icuio49.dll
0x00000000042a0000 - 0x000000000435b000 	C:\work_station\MATLAB\bin\win64\libut.dll
0x000000006f960000 - 0x000000006fb07000 	C:\work_station\MATLAB\bin\win64\libmwfl.dll
0x0000000004360000 - 0x000000000476f000 	C:\work_station\MATLAB\bin\win64\libmwMATLAB_res.dll
0x0000000068020000 - 0x00000000680ff000 	C:\work_station\MATLAB\bin\win64\boost_regex-vc100-mt-1_49.dll
0x0000000077170000 - 0x000000007726a000 	C:\Windows\system32\USER32.dll
0x000007fefe1e0000 - 0x000007fefe247000 	C:\Windows\system32\GDI32.dll
0x000007fefe1d0000 - 0x000007fefe1de000 	C:\Windows\system32\LPK.dll
0x000007feff4f0000 - 0x000007feff5b9000 	C:\Windows\system32\USP10.dll
0x00000000685a0000 - 0x00000000685b1000 	C:\work_station\MATLAB\bin\win64\boost_signals-vc100-mt-1_49.dll
0x0000000068580000 - 0x0000000068591000 	C:\work_station\MATLAB\bin\win64\boost_thread-vc100-mt-1_49.dll
0x0000000067f90000 - 0x000000006801c000 	C:\work_station\MATLAB\bin\win64\boost_log-vc100-mt-1_49.dll
0x0000000077560000 - 0x0000000077567000 	C:\Windows\system32\PSAPI.DLL
0x000007feff650000 - 0x000007feff69d000 	C:\Windows\system32\WS2_32.dll
0x000007feff4c0000 - 0x000007feff4c8000 	C:\Windows\system32\NSI.dll
0x000007feeb8d0000 - 0x000007feeb903000 	C:\work_station\MATLAB\bin\win64\tbb.dll
0x000007feff4d0000 - 0x000007feff4e9000 	C:\Windows\system32\imagehlp.dll
0x000007fefd050000 - 0x000007fefd07c000 	C:\Windows\system32\POWRPROF.dll
0x000007fefdab0000 - 0x000007fefdc87000 	C:\Windows\system32\SETUPAPI.dll
0x000007fefd1a0000 - 0x000007fefd1d6000 	C:\Windows\system32\CFGMGR32.dll
0x000007fefe400000 - 0x000007fefe4d7000 	C:\Windows\system32\OLEAUT32.dll
0x000007fefd8a0000 - 0x000007fefdaa3000 	C:\Windows\system32\ole32.dll
0x000007fefcf60000 - 0x000007fefcf7a000 	C:\Windows\system32\DEVOBJ.dll
0x0000000004770000 - 0x000000000486b000 	C:\work_station\MATLAB\bin\win64\libmx.dll
0x000007fef31e0000 - 0x000007fef3208000 	C:\work_station\MATLAB\bin\win64\tbbmalloc.dll
0x0000000068560000 - 0x0000000068577000 	C:\work_station\MATLAB\bin\win64\zlib1.dll
0x000000006ef00000 - 0x000000006ef4e000 	C:\work_station\MATLAB\bin\win64\libmwregexp.dll
0x0000000004140000 - 0x0000000004187000 	C:\work_station\MATLAB\bin\win64\mpath.dll
0x0000000004870000 - 0x0000000004e98000 	C:\work_station\MATLAB\bin\win64\mlutil.dll
0x000000006e870000 - 0x000000006e8e7000 	C:\work_station\MATLAB\bin\win64\xmlcore.dll
0x0000000067d40000 - 0x0000000067f81000 	C:\work_station\MATLAB\bin\win64\xerces-c_2_7.dll
0x000000006e5f0000 - 0x000000006e613000 	C:\work_station\MATLAB\bin\win64\libmwMATLAB_settings_res.dll
0x000000006f400000 - 0x000000006f410000 	C:\work_station\MATLAB\bin\win64\boost_iostreams-vc100-mt-1_49.dll
0x0000000067cf0000 - 0x0000000067d36000 	C:\work_station\MATLAB\bin\win64\boost_serialization-vc100-mt-1_49.dll
0x000007fefe710000 - 0x000007feff498000 	C:\Windows\system32\SHELL32.dll
0x000007fefe150000 - 0x000007fefe1c1000 	C:\Windows\system32\SHLWAPI.dll
0x000000006e580000 - 0x000000006e586000 	C:\work_station\MATLAB\bin\win64\libmwnativedisplay.dll
0x00000000685f0000 - 0x000000006863d000 	C:\work_station\MATLAB\bin\win64\opccore.dll
0x0000000004ea0000 - 0x0000000004f76000 	C:\work_station\MATLAB\bin\win64\opcmodel.dll
0x0000000004f80000 - 0x0000000004fad000 	C:\work_station\MATLAB\bin\win64\opczippackage.dll
0x0000000068550000 - 0x000000006855e000 	C:\work_station\MATLAB\bin\win64\libminizip.dll
0x0000000004fb0000 - 0x0000000005016000 	C:\work_station\MATLAB\bin\win64\opcmwservices.dll
0x000007fefa6d0000 - 0x000007fefa770000 	C:\Windows\WinSxS\amd64_microsoft.windows.common-controls_6595b64144ccf1df_5.82.7601.18201_none_a4d3b9377117c3df\COMCTL32.dll
0x000007fefe250000 - 0x000007fefe2e7000 	C:\Windows\system32\COMDLG32.dll
0x000007fefafb0000 - 0x000007fefafc6000 	C:\Windows\system32\NETAPI32.dll
0x000007fefafa0000 - 0x000007fefafac000 	C:\Windows\system32\netutils.dll
0x000007fefc9e0000 - 0x000007fefca03000 	C:\Windows\system32\srvcli.dll
0x000007fefaf80000 - 0x000007fefaf95000 	C:\Windows\system32\wkscli.dll
0x000000006e4d0000 - 0x000000006e57d000 	C:\work_station\MATLAB\bin\win64\mcr.dll
0x000000006e110000 - 0x000000006e4d0000 	C:\work_station\MATLAB\bin\win64\iqm.dll
0x0000000180000000 - 0x00000001800c2000 	C:\work_station\MATLAB\bin\win64\m_dispatcher.dll
0x0000000005020000 - 0x000000000581b000 	C:\work_station\MATLAB\bin\win64\m_interpreter.dll
0x000000006d760000 - 0x000000006d784000 	C:\work_station\MATLAB\bin\win64\libmex.dll
0x000000006d6e0000 - 0x000000006d75b000 	C:\work_station\MATLAB\bin\win64\profiler.dll
0x000000006d450000 - 0x000000006d5c8000 	C:\work_station\MATLAB\bin\win64\libmwmathutil.dll
0x000000006d420000 - 0x000000006d447000 	C:\work_station\MATLAB\bin\win64\libmwmathrng.dll
0x000000006d410000 - 0x000000006d420000 	C:\work_station\MATLAB\bin\win64\libmwmfl_rng.dll
0x0000000005820000 - 0x0000000005938000 	C:\work_station\MATLAB\bin\win64\libmwmathcore.dll
0x000000006d2b0000 - 0x000000006d313000 	C:\work_station\MATLAB\bin\win64\libmwspmatrix.dll
0x0000000005940000 - 0x0000000005ba2000 	C:\work_station\MATLAB\bin\win64\mcos.dll
0x000000006cfc0000 - 0x000000006d01c000 	C:\work_station\MATLAB\bin\win64\libmwcholmod.dll
0x000000006cfb0000 - 0x000000006cfbc000 	C:\work_station\MATLAB\bin\win64\libmwamd.dll
0x000000006cfa0000 - 0x000000006cfab000 	C:\work_station\MATLAB\bin\win64\libmwcolamd.dll
0x000000006cf80000 - 0x000000006cf93000 	C:\work_station\MATLAB\bin\win64\libmwblas.dll
0x000000006cf60000 - 0x000000006cf75000 	C:\work_station\MATLAB\bin\win64\libmwbinder.dll
0x000000006cf50000 - 0x000000006cf5b000 	C:\work_station\MATLAB\bin\win64\libmwompwrapper.dll
0x000000006ced0000 - 0x000000006cf4f000 	C:\work_station\MATLAB\bin\win64\libmwlapack.dll
0x000000006ceb0000 - 0x000000006ced0000 	C:\work_station\MATLAB\bin\win64\m_pcodeio.dll
0x000000006ce50000 - 0x000000006ceac000 	C:\work_station\MATLAB\bin\win64\m_ir.dll
0x0000000005bb0000 - 0x0000000006265000 	C:\work_station\MATLAB\bin\win64\m_parser.dll
0x000000006c780000 - 0x000000006c797000 	C:\work_station\MATLAB\bin\win64\ir_xfmr.dll
0x000000006c770000 - 0x000000006c780000 	C:\work_station\MATLAB\bin\win64\mtok.dll
0x000000006c740000 - 0x000000006c768000 	C:\work_station\MATLAB\bin\win64\m_pcodegen.dll
0x000007fef7fb0000 - 0x000007fef80d5000 	C:\Windows\system32\dbghelp.dll
0x000000006c710000 - 0x000000006c73f000 	C:\work_station\MATLAB\bin\win64\libmwbridge.dll
0x000000006c650000 - 0x000000006c706000 	C:\work_station\MATLAB\bin\win64\udd.dll
0x0000000006270000 - 0x00000000063c1000 	C:\work_station\MATLAB\bin\win64\libmwgui.dll
0x000000006c4d0000 - 0x000000006c4f8000 	C:\work_station\MATLAB\bin\win64\graphics_util.dll
0x0000000067b70000 - 0x0000000067c28000 	C:\work_station\MATLAB\bin\win64\libtex_base.dll
0x000000006bac0000 - 0x000000006c426000 	C:\work_station\MATLAB\bin\win64\hg.dll
0x000000006ba60000 - 0x000000006babd000 	C:\work_station\MATLAB\bin\win64\libmat.dll
0x000000006b850000 - 0x000000006ba58000 	C:\work_station\MATLAB\bin\win64\hdf5dll.dll
0x000000006b780000 - 0x000000006b848000 	C:\work_station\MATLAB\bin\win64\jmi.dll
0x000000006b770000 - 0x000000006b77e000 	C:\work_station\MATLAB\bin\win64\nativejava_services.dll
0x00000000063e0000 - 0x0000000006422000 	C:\work_station\MATLAB\bin\win64\libmwhardcopy.dll
0x000000006b6d0000 - 0x000000006b72e000 	C:\work_station\MATLAB\bin\win64\libuij.dll
0x000000006b490000 - 0x000000006b695000 	C:\work_station\MATLAB\bin\win64\hgdatatypes.dll
0x0000000006430000 - 0x0000000006542000 	C:\work_station\MATLAB\bin\win64\hgutils.dll
0x000000006b2f0000 - 0x000000006b39e000 	C:\work_station\MATLAB\bin\win64\udd_mi.dll
0x000000006b2b0000 - 0x000000006b2e6000 	C:\work_station\MATLAB\bin\win64\libmwgbtutils.dll
0x000000006b290000 - 0x000000006b2a3000 	C:\work_station\MATLAB\bin\win64\libmwgbt.dll
0x000000006afc0000 - 0x000000006b28f000 	C:\work_station\MATLAB\bin\win64\uiw.dll
0x000000006afb0000 - 0x000000006afb9000 	C:\work_station\MATLAB\bin\win64\uinone.dll
0x000000006af80000 - 0x000000006afac000 	C:\work_station\MATLAB\bin\win64\libmwnativedialogs.dll
0x000000006af70000 - 0x000000006af7c000 	C:\work_station\MATLAB\bin\win64\libmwplatform_res.dll
0x000007fef89d0000 - 0x000007fef89e8000 	C:\Windows\system32\MPR.dll
0x0000000066a30000 - 0x0000000066f8d000 	C:\work_station\MATLAB\bin\win64\mfc100.dll
0x000007feface0000 - 0x000007feface7000 	C:\Windows\system32\MSIMG32.dll
0x000007fef9810000 - 0x000007fef9881000 	C:\Windows\system32\WINSPOOL.DRV
0x000000006af50000 - 0x000000006af6d000 	C:\work_station\MATLAB\bin\win64\mwoles05.DLL
0x000000006aee0000 - 0x000000006af4c000 	C:\work_station\MATLAB\bin\win64\comcli.dll
0x0000000067cc0000 - 0x0000000067ceb000 	C:\work_station\MATLAB\bin\win64\ATL100.DLL
0x000000006aed0000 - 0x000000006aedc000 	C:\work_station\MATLAB\bin\win64\mlautoregister.dll
0x0000000006560000 - 0x00000000066cf000 	C:\work_station\MATLAB\bin\win64\mvm.dll
0x000007fefde30000 - 0x000007fefde5e000 	C:\Windows\system32\IMM32.DLL
0x000007fefe2f0000 - 0x000007fefe3f9000 	C:\Windows\system32\MSCTF.dll
0x000007fefb780000 - 0x000007fefb7d6000 	C:\Windows\system32\UxTheme.dll
0x000007fefcf40000 - 0x000007fefcf58000 	C:\Windows\system32\dwmapi.dll

VM Arguments:
jvm_args: -XX:PermSize=32m -Xms64m -XX:NewRatio=3 -XX:MaxPermSize=128m -Xmx384m -XX:MaxDirectMemorySize=2147400000 -Dsun.java2d.noddraw=true -Dsun.awt.nopixfmt=true -Xshare:off -Xrs -XX:-UseSplitVerifier -Djava.library.path=C:\work_station\MATLAB\bin\win64;C:\work_station\MATLAB\sys\jxbrowser\win64\lib vfprintf abort -Duser.language=zh -Duser.country=CN -XX:ParallelGCThreads=6 
java_command: <unknown>
Launcher Type: generic

Environment Variables:
PATH=E:\FPGA\SOC\Quartus\quartus\bin64;C:\Program Files (x86)\NVIDIA Corporation\PhysX\Common;C:\Program Files (x86)\PC Connectivity Solution\;C:\Program Files (x86)\WiT8.0 Demo\bin;C:\Program Files (x86)\Intel\iCLS Client\;C:\Program Files\Intel\iCLS Client\;C:\Windows\system32;C:\Windows;C:\Windows\System32\Wbem;C:\Windows\System32\WindowsPowerShell\v1.0\;C:\Program Files\Intel\Intel(R) Management Engine Components\DAL;C:\Program Files\Intel\Intel(R) Management Engine Components\IPT;C:\Program Files (x86)\Intel\Intel(R) Management Engine Components\DAL;C:\Program Files (x86)\Intel\Intel(R) Management Engine Components\IPT;C:\work_station\MATLAB\runtime\win64;C:\work_station\MATLAB\bin;C:\work_station\MATLAB\polyspace\bin;C:\Program Files (x86)\Microsoft SQL Server\100\Tools\Binn\;C:\Program Files\Microsoft SQL Server\100\Tools\Binn\;C:\Program Files\Microsoft SQL Server\100\DTS\Binn\;C:\Program Files (x86)\IVI Foundation\VISA\WinNT\Bin\;C:\Program Files\IVI Foundation\VISA\Win64\Bin\;C:\Program Files (x86)\IVI Foundation\VISA\WinNT\Bin;C:\work_station\FPGA\Quartus\quartus\modelsim_ase\win32aloem;C:\work_station\FPGA\modelsim\win64
USERNAME=Given_Jiang
OS=Windows_NT
PROCESSOR_IDENTIFIER=Intel64 Family 6 Model 42 Stepping 5, GenuineIntel



---------------  S Y S T E M  ---------------

OS: Windows 7 , 64 bit Build 7601 Service Pack 1

CPU:total 8 (4 cores per cpu, 2 threads per core) family 6 model 42 stepping 5, cmov, cx8, fxsr, mmx, sse, sse2, sse3, ssse3, sse4.1, sse4.2, popcnt, avx, ht, tsc, tscinvbit

Memory: 4k page, physical 8365596k(4468392k free), swap 16729336k(12173584k free)

vm_info: Java HotSpot(TM) 64-Bit Server VM (23.6-b04) for windows-amd64 JRE (1.7.0_11-b21), built on Jan 12 2013 02:38:42 by "java_re" with unknown MS VC++:1600

time: Thu Feb 12 08:46:55 2015
elapsed time: 65 seconds

