#
# A fatal error has been detected by the Java Runtime Environment:
#
#  EXCEPTION_ACCESS_VIOLATION (0xc0000005) at pc=0x00000000773e2f86, pid=5124, tid=4284
#
# JRE version: 7.0_11-b21
# Java VM: Java HotSpot(TM) 64-Bit Server VM (23.6-b04 mixed mode windows-amd64 compressed oops)
# Problematic frame:
# C  [ntdll.dll+0x52f86]
#
# Failed to write core dump. Minidumps are not enabled by default on client versions of Windows
#
# If you would like to submit a bug report, please visit:
#   http://bugreport.sun.com/bugreport/crash.jsp
# The crash happened outside the Java Virtual Machine in native code.
# See problematic frame for where to report the bug.
#

---------------  T H R E A D  ---------------

Current thread (0x0000000023808800):  JavaThread "main" [_thread_in_native, id=4284, stack(0x0000000000030000,0x0000000004030000)]

siginfo: ExceptionCode=0xc0000005, writing address 0x00000000028866b0

Registers:
RAX=0x000007fef938fdc3, RBX=0x0000000004020c40, RCX=0x00000000028866a8, RDX=0x00000000040205b0
RSP=0x0000000004020490, RBP=0x000007fee4a1cb08, RSI=0x0000000000000000, RDI=0x0000000002886680
R8 =0x0000000006792f80, R9 =0x0000000000000000, R10=0x0000000051eb851f, R11=0x0000000051eb851f
R12=0x0000000000000000, R13=0x0000000000000001, R14=0x00000000040205b0, R15=0x0000000000004000
RIP=0x00000000773e2f86, EFLAGS=0x0000000000010206

Top of Stack: (sp=0x0000000004020490)
0x0000000004020490:   0000000000000010 0000000004130000
0x00000000040204a0:   0000000004020690 0000000000000008
0x00000000040204b0:   0000000004020c40 000007fefd09588e
0x00000000040204c0:   000007fe00000000 0000000000000008
0x00000000040204d0:   0000014300350009 000000000413a520
0x00000000040204e0:   0000000004130000 00000000773b654f
0x00000000040204f0:   0072006102080006 0000000059bf5340
0x0000000004020500:   005c007300250006 0000000004140550
0x0000000004020510:   0000000000000000 0000000000040002
0x0000000004020520:   0000000102881a40 0000000004020638
0x0000000004020530:   0000000000000000 0000000000000001
0x0000000004020540:   000000000000001e 0000000104fc9be0
0x0000000004020550:   0000000000000000 0000000004020850
0x0000000004020560:   0000000000000000 000007fefd0cc021
0x0000000004020570:   0000000000000001 0000000004020c40
0x0000000004020580:   0000000002886680 000000000413a240 

Instructions: (pc=0x00000000773e2f86)
0x00000000773e2f66:   f0 48 0f c3 51 f8 75 d0 f0 80 0c 24 00 e9 56 ff
0x00000000773e2f76:   ff ff 90 90 90 90 90 90 90 90 ff f3 48 83 ec 20
0x00000000773e2f86:   f0 0f ba 71 08 00 48 8b d9 0f 83 59 b2 ff ff 65
0x00000000773e2f96:   48 8b 04 25 30 00 00 00 48 8b 48 48 c7 43 0c 01 


Register to memory mapping:

RAX=0x000007fef938fdc3 is an unknown value
RBX=0x0000000004020c40 is pointing into the stack for thread: 0x0000000023808800
RCX=0x00000000028866a8 is pointing into the stack for thread: 0x0000000023808800
RDX=0x00000000040205b0 is pointing into the stack for thread: 0x0000000023808800
RSP=0x0000000004020490 is pointing into the stack for thread: 0x0000000023808800
RBP=0x000007fee4a1cb08 is an unknown value
RSI=0x0000000000000000 is an unknown value
RDI=0x0000000002886680 is pointing into the stack for thread: 0x0000000023808800
R8 =0x0000000006792f80 is an unknown value
R9 =0x0000000000000000 is an unknown value
R10=0x0000000051eb851f is pointing into the stack for thread: 0x0000000023a6d000
R11=0x0000000051eb851f is pointing into the stack for thread: 0x0000000023a6d000
R12=0x0000000000000000 is an unknown value
R13=0x0000000000000001 is an unknown value
R14=0x00000000040205b0 is pointing into the stack for thread: 0x0000000023808800
R15=0x0000000000004000 is an unknown value


Stack: [0x0000000000030000,0x0000000004030000],  sp=0x0000000004020490,  free space=65473k
Native frames: (J=compiled Java code, j=interpreted, Vv=VM code, C=native code)
C  [ntdll.dll+0x52f86]

Java frames: (J=compiled Java code, j=interpreted, Vv=VM code)
j  com.altera.dspbuilder.portmanager.PortManager.checkOut()Z+0
j  com.altera.dspbuilder.serialisation.ModelSerialiser.<init>(Lcom/altera/dspbuilder/simulink/SimulinkPath;Ljava/lang/String;Ljava/util/Date;Z)V+26
j  com.altera.dspbuilder.serialisation.ModelSerialiser.<init>(Lcom/altera/dspbuilder/simulink/SimulinkPath;Ljava/lang/String;Z)V+11
j  com.altera.dspbuilder.serialisation.ModelSerialiser.<init>(Ljava/lang/String;Ljava/lang/String;Z)V+11
v  ~StubRoutines::call_stub

---------------  P R O C E S S  ---------------

Java Threads: ( => current thread )
  0x0000000105ac4800 JavaThread "FileDecorationCache request queue" daemon [_thread_blocked, id=8176, stack(0x0000000128000000,0x000000012c000000)]
  0x0000000104db9000 JavaThread "Thread-94" [_thread_blocked, id=5340, stack(0x0000000110000000,0x0000000114000000)]
  0x0000000062855000 JavaThread "Image Fetcher 0" daemon [_thread_blocked, id=6740, stack(0x00000000b9b40000,0x00000000bdb40000)]
  0x0000000062b17800 JavaThread "Swing-Shell" daemon [_thread_blocked, id=5044, stack(0x0000000124000000,0x0000000128000000)]
  0x000000006284f800 JavaThread "ClipboardMonitor Timer" daemon [_thread_blocked, id=8004, stack(0x00000000d8fd0000,0x00000000dcfd0000)]
  0x000000006284d800 JavaThread "Explorer NavigationContext request queue" daemon [_thread_blocked, id=5428, stack(0x00000000d4fd0000,0x00000000d8fd0000)]
  0x0000000062848000 JavaThread "AddressBar directory emptiness poller" daemon [_thread_blocked, id=1952, stack(0x00000000ccfd0000,0x00000000d0fd0000)]
  0x000000006284a800 JavaThread "Explorer Refresh Service 347935271" daemon [_thread_blocked, id=5576, stack(0x00000000c8fd0000,0x00000000ccfd0000)]
  0x0000000062b1f000 JavaThread "Thread-4" daemon [_thread_blocked, id=7552, stack(0x00000000c0000000,0x00000000c4000000)]
  0x0000000062853800 JavaThread "TimerQueue" daemon [_thread_blocked, id=7692, stack(0x00000000a8000000,0x00000000ac000000)]
  0x0000000062846000 JavaThread "Thread-3" daemon [_thread_blocked, id=2712, stack(0x0000000098000000,0x000000009c000000)]
  0x00000000627e6800 JavaThread "FelixPackageAdmin" daemon [_thread_blocked, id=7788, stack(0x00000000a4000000,0x00000000a8000000)]
  0x0000000062393800 JavaThread "FelixStartLevel" daemon [_thread_blocked, id=7740, stack(0x00000000a0000000,0x00000000a4000000)]
  0x0000000062392800 JavaThread "FelixDispatchQueue" daemon [_thread_blocked, id=7332, stack(0x000000009c000000,0x00000000a0000000)]
  0x00000000624b1000 JavaThread "AWT-EventQueue-0" [_thread_blocked, id=6360, stack(0x0000000094000000,0x0000000098000000)]
  0x0000000062282000 JavaThread "com.google.common.base.internal.Finalizer" daemon [_thread_blocked, id=1240, stack(0x0000000090000000,0x0000000094000000)]
  0x00000000621a6800 JavaThread "AWT-Windows" daemon [_thread_in_native, id=6904, stack(0x0000000088000000,0x000000008c000000)]
  0x0000000062172800 JavaThread "AWT-Shutdown" [_thread_blocked, id=7928, stack(0x0000000084000000,0x0000000088000000)]
  0x000000006226b800 JavaThread "Java2D Disposer" daemon [_thread_blocked, id=8016, stack(0x0000000080000000,0x0000000084000000)]
  0x000000002380c000 JavaThread "Timer-0" [_thread_blocked, id=7848, stack(0x0000000077570000,0x000000007b570000)]
  0x0000000061e08800 JavaThread "EventMgr Dispatcher" daemon [_thread_in_native, id=6652, stack(0x0000000072130000,0x0000000076130000)]
  0x0000000023a73000 JavaThread "Service Thread" daemon [_thread_blocked, id=7980, stack(0x0000000059c00000,0x000000005dc00000)]
  0x0000000023a72000 JavaThread "C2 CompilerThread1" daemon [_thread_blocked, id=3832, stack(0x0000000055b00000,0x0000000059b00000)]
  0x0000000023a6d000 JavaThread "C2 CompilerThread0" daemon [_thread_blocked, id=7208, stack(0x0000000051b00000,0x0000000055b00000)]
  0x0000000023a3a000 JavaThread "Attach Listener" daemon [_thread_blocked, id=3584, stack(0x000000004db00000,0x0000000051b00000)]
  0x00000000239c2000 JavaThread "Finalizer" daemon [_thread_blocked, id=2876, stack(0x0000000049b00000,0x000000004db00000)]
  0x00000000239bc000 JavaThread "Reference Handler" daemon [_thread_blocked, id=7796, stack(0x0000000045b00000,0x0000000049b00000)]
=>0x0000000023808800 JavaThread "main" [_thread_in_native, id=4284, stack(0x0000000000030000,0x0000000004030000)]

Other Threads:
  0x00000000239b9000 VMThread [stack: 0x0000000041b00000,0x0000000045b00000] [id=1964]
  0x0000000023ac8000 WatcherThread [stack: 0x000000005dc00000,0x0000000061c00000] [id=6316]

VM state:not at safepoint (normal execution)

VM Mutex/Monitor currently owned by a thread: None

Heap
 PSYoungGen      total 87552K, used 14860K [0x00000000fa000000, 0x0000000100000000, 0x0000000100000000)
  eden space 77952K, 9% used [0x00000000fa000000,0x00000000fa79a890,0x00000000fec20000)
  from space 9600K, 73% used [0x00000000ff6a0000,0x00000000ffd88780,0x0000000100000000)
  to   space 10176K, 0% used [0x00000000fec20000,0x00000000fec20000,0x00000000ff610000)
 ParOldGen       total 70464K, used 50520K [0x00000000e8000000, 0x00000000ec4d0000, 0x00000000fa000000)
  object space 70464K, 71% used [0x00000000e8000000,0x00000000eb156210,0x00000000ec4d0000)
 PSPermGen       total 85120K, used 59075K [0x00000000e0000000, 0x00000000e5320000, 0x00000000e8000000)
  object space 85120K, 69% used [0x00000000e0000000,0x00000000e39b0f10,0x00000000e5320000)

Card table byte_map: [0x0000000026fa0000,0x00000000270b0000] byte_map_base: 0x00000000268a0000

Polling page: 0x0000000006a30000

Code Cache  [0x0000000023fa0000, 0x00000000243d0000, 0x0000000026fa0000)
 total_blobs=2039 nmethods=1382 adapters=607 free_code_cache=44985Kb largest_free_block=45943040

Compilation events (10 events):
Event: 34.143 Thread 0x0000000023a72000 1504             javax.swing.text.Segment::next (41 bytes)
Event: 34.144 Thread 0x0000000023a72000 nmethod 1504 0x0000000024336fd0 code [0x0000000024337100, 0x00000000243371b8]
Event: 34.155 Thread 0x0000000023a6d000 1505             javax.swing.text.StyleContext$SmallAttributeSet::hashCode (32 bytes)
Event: 34.156 Thread 0x0000000023a6d000 nmethod 1505 0x0000000024148c90 code [0x0000000024148de0, 0x0000000024148f58]
Event: 34.159 Thread 0x0000000023a72000 1506             java.lang.Double::doubleToLongBits (33 bytes)
Event: 34.159 Thread 0x0000000023a72000 nmethod 1506 0x00000000242af290 code [0x00000000242af3c0, 0x00000000242af438]
Event: 34.162 Thread 0x0000000023a6d000 1507             javax.swing.text.Utilities::drawTabbedText (409 bytes)
Event: 34.219 Thread 0x0000000023a6d000 nmethod 1507 0x00000000243c6550 code [0x00000000243c6a20, 0x00000000243c9648]
Event: 34.260 Thread 0x0000000023a72000 1508   !         sun.java2d.SunGraphics2D::fillRect (74 bytes)
Event: 34.262 Thread 0x0000000023a72000 nmethod 1508 0x00000000241f13d0 code [0x00000000241f1560, 0x00000000241f17d0]

GC Heap History (10 events):
Event: 22.880 GC heap before
{Heap before GC invocations=43 (full 1):
 PSYoungGen      total 85184K, used 77445K [0x00000000fa000000, 0x00000000ffe80000, 0x0000000100000000)
  eden space 73792K, 100% used [0x00000000fa000000,0x00000000fe810000,0x00000000fe810000)
  from space 11392K, 32% used [0x00000000fe810000,0x00000000feba14e8,0x00000000ff330000)
  to   space 10624K, 0% used [0x00000000ff420000,0x00000000ff420000,0x00000000ffe80000)
 ParOldGen       total 70464K, used 50360K [0x00000000e8000000, 0x00000000ec4d0000, 0x00000000fa000000)
  object space 70464K, 71% used [0x00000000e8000000,0x00000000eb12e210,0x00000000ec4d0000)
 PSPermGen       total 85120K, used 56909K [0x00000000e0000000, 0x00000000e5320000, 0x00000000e8000000)
  object space 85120K, 66% used [0x00000000e0000000,0x00000000e37935f8,0x00000000e5320000)
Event: 22.884 GC heap after
Heap after GC invocations=43 (full 1):
 PSYoungGen      total 86272K, used 3739K [0x00000000fa000000, 0x00000000ffe00000, 0x0000000100000000)
  eden space 76160K, 0% used [0x00000000fa000000,0x00000000fa000000,0x00000000fea60000)
  from space 10112K, 36% used [0x00000000ff420000,0x00000000ff7c6df0,0x00000000ffe00000)
  to   space 9984K, 0% used [0x00000000fea60000,0x00000000fea60000,0x00000000ff420000)
 ParOldGen       total 70464K, used 50360K [0x00000000e8000000, 0x00000000ec4d0000, 0x00000000fa000000)
  object space 70464K, 71% used [0x00000000e8000000,0x00000000eb12e210,0x00000000ec4d0000)
 PSPermGen       total 85120K, used 56909K [0x00000000e0000000, 0x00000000e5320000, 0x00000000e8000000)
  object space 85120K, 66% used [0x00000000e0000000,0x00000000e37935f8,0x00000000e5320000)
}
Event: 23.594 GC heap before
{Heap before GC invocations=44 (full 1):
 PSYoungGen      total 86272K, used 79899K [0x00000000fa000000, 0x00000000ffe00000, 0x0000000100000000)
  eden space 76160K, 100% used [0x00000000fa000000,0x00000000fea60000,0x00000000fea60000)
  from space 10112K, 36% used [0x00000000ff420000,0x00000000ff7c6df0,0x00000000ffe00000)
  to   space 9984K, 0% used [0x00000000fea60000,0x00000000fea60000,0x00000000ff420000)
 ParOldGen       total 70464K, used 50360K [0x00000000e8000000, 0x00000000ec4d0000, 0x00000000fa000000)
  object space 70464K, 71% used [0x00000000e8000000,0x00000000eb12e210,0x00000000ec4d0000)
 PSPermGen       total 85120K, used 56918K [0x00000000e0000000, 0x00000000e5320000, 0x00000000e8000000)
  object space 85120K, 66% used [0x00000000e0000000,0x00000000e37958a0,0x00000000e5320000)
Event: 23.598 GC heap after
Heap after GC invocations=44 (full 1):
 PSYoungGen      total 86144K, used 3523K [0x00000000fa000000, 0x00000000ffea0000, 0x0000000100000000)
  eden space 76160K, 0% used [0x00000000fa000000,0x00000000fa000000,0x00000000fea60000)
  from space 9984K, 35% used [0x00000000fea60000,0x00000000fedd0c18,0x00000000ff420000)
  to   space 9344K, 0% used [0x00000000ff580000,0x00000000ff580000,0x00000000ffea0000)
 ParOldGen       total 70464K, used 50360K [0x00000000e8000000, 0x00000000ec4d0000, 0x00000000fa000000)
  object space 70464K, 71% used [0x00000000e8000000,0x00000000eb12e210,0x00000000ec4d0000)
 PSPermGen       total 85120K, used 56918K [0x00000000e0000000, 0x00000000e5320000, 0x00000000e8000000)
  object space 85120K, 66% used [0x00000000e0000000,0x00000000e37958a0,0x00000000e5320000)
}
Event: 31.299 GC heap before
{Heap before GC invocations=45 (full 1):
 PSYoungGen      total 86144K, used 79683K [0x00000000fa000000, 0x00000000ffea0000, 0x0000000100000000)
  eden space 76160K, 100% used [0x00000000fa000000,0x00000000fea60000,0x00000000fea60000)
  from space 9984K, 35% used [0x00000000fea60000,0x00000000fedd0c18,0x00000000ff420000)
  to   space 9344K, 0% used [0x00000000ff580000,0x00000000ff580000,0x00000000ffea0000)
 ParOldGen       total 70464K, used 50360K [0x00000000e8000000, 0x00000000ec4d0000, 0x00000000fa000000)
  object space 70464K, 71% used [0x00000000e8000000,0x00000000eb12e210,0x00000000ec4d0000)
 PSPermGen       total 85120K, used 57099K [0x00000000e0000000, 0x00000000e5320000, 0x00000000e8000000)
  object space 85120K, 67% used [0x00000000e0000000,0x00000000e37c2ec8,0x00000000e5320000)
Event: 31.303 GC heap after
Heap after GC invocations=45 (full 1):
 PSYoungGen      total 87424K, used 3747K [0x00000000fa000000, 0x00000000ffe10000, 0x0000000100000000)
  eden space 78656K, 0% used [0x00000000fa000000,0x00000000fa000000,0x00000000fecd0000)
  from space 8768K, 42% used [0x00000000ff580000,0x00000000ff928ff0,0x00000000ffe10000)
  to   space 8832K, 0% used [0x00000000fecd0000,0x00000000fecd0000,0x00000000ff570000)
 ParOldGen       total 70464K, used 50360K [0x00000000e8000000, 0x00000000ec4d0000, 0x00000000fa000000)
  object space 70464K, 71% used [0x00000000e8000000,0x00000000eb12e210,0x00000000ec4d0000)
 PSPermGen       total 85120K, used 57099K [0x00000000e0000000, 0x00000000e5320000, 0x00000000e8000000)
  object space 85120K, 67% used [0x00000000e0000000,0x00000000e37c2ec8,0x00000000e5320000)
}
Event: 33.466 GC heap before
{Heap before GC invocations=46 (full 1):
 PSYoungGen      total 87424K, used 82403K [0x00000000fa000000, 0x00000000ffe10000, 0x0000000100000000)
  eden space 78656K, 100% used [0x00000000fa000000,0x00000000fecd0000,0x00000000fecd0000)
  from space 8768K, 42% used [0x00000000ff580000,0x00000000ff928ff0,0x00000000ffe10000)
  to   space 8832K, 0% used [0x00000000fecd0000,0x00000000fecd0000,0x00000000ff570000)
 ParOldGen       total 70464K, used 50360K [0x00000000e8000000, 0x00000000ec4d0000, 0x00000000fa000000)
  object space 70464K, 71% used [0x00000000e8000000,0x00000000eb12e210,0x00000000ec4d0000)
 PSPermGen       total 85120K, used 58797K [0x00000000e0000000, 0x00000000e5320000, 0x00000000e8000000)
  object space 85120K, 69% used [0x00000000e0000000,0x00000000e396b5b8,0x00000000e5320000)
Event: 33.472 GC heap after
Heap after GC invocations=46 (full 1):
 PSYoungGen      total 87488K, used 7219K [0x00000000fa000000, 0x0000000100000000, 0x0000000100000000)
  eden space 78656K, 0% used [0x00000000fa000000,0x00000000fa000000,0x00000000fecd0000)
  from space 8832K, 81% used [0x00000000fecd0000,0x00000000ff3dce40,0x00000000ff570000)
  to   space 9600K, 0% used [0x00000000ff6a0000,0x00000000ff6a0000,0x0000000100000000)
 ParOldGen       total 70464K, used 50392K [0x00000000e8000000, 0x00000000ec4d0000, 0x00000000fa000000)
  object space 70464K, 71% used [0x00000000e8000000,0x00000000eb136210,0x00000000ec4d0000)
 PSPermGen       total 85120K, used 58797K [0x00000000e0000000, 0x00000000e5320000, 0x00000000e8000000)
  object space 85120K, 69% used [0x00000000e0000000,0x00000000e396b5b8,0x00000000e5320000)
}
Event: 34.131 GC heap before
{Heap before GC invocations=47 (full 1):
 PSYoungGen      total 87488K, used 85875K [0x00000000fa000000, 0x0000000100000000, 0x0000000100000000)
  eden space 78656K, 100% used [0x00000000fa000000,0x00000000fecd0000,0x00000000fecd0000)
  from space 8832K, 81% used [0x00000000fecd0000,0x00000000ff3dce40,0x00000000ff570000)
  to   space 9600K, 0% used [0x00000000ff6a0000,0x00000000ff6a0000,0x0000000100000000)
 ParOldGen       total 70464K, used 50392K [0x00000000e8000000, 0x00000000ec4d0000, 0x00000000fa000000)
  object space 70464K, 71% used [0x00000000e8000000,0x00000000eb136210,0x00000000ec4d0000)
 PSPermGen       total 85120K, used 58980K [0x00000000e0000000, 0x00000000e5320000, 0x00000000e8000000)
  object space 85120K, 69% used [0x00000000e0000000,0x00000000e3999058,0x00000000e5320000)
Event: 34.137 GC heap after
Heap after GC invocations=47 (full 1):
 PSYoungGen      total 87552K, used 7073K [0x00000000fa000000, 0x0000000100000000, 0x0000000100000000)
  eden space 77952K, 0% used [0x00000000fa000000,0x00000000fa000000,0x00000000fec20000)
  from space 9600K, 73% used [0x00000000ff6a0000,0x00000000ffd88780,0x0000000100000000)
  to   space 10176K, 0% used [0x00000000fec20000,0x00000000fec20000,0x00000000ff610000)
 ParOldGen       total 70464K, used 50520K [0x00000000e8000000, 0x00000000ec4d0000, 0x00000000fa000000)
  object space 70464K, 71% used [0x00000000e8000000,0x00000000eb156210,0x00000000ec4d0000)
 PSPermGen       total 85120K, used 58980K [0x00000000e0000000, 0x00000000e5320000, 0x00000000e8000000)
  object space 85120K, 69% used [0x00000000e0000000,0x00000000e3999058,0x00000000e5320000)
}

Deoptimization events (10 events):
Event: 31.665 Thread 0x00000000624b1000 Uncommon trap -34 fr.pc 0x0000000024215c90
Event: 31.714 Thread 0x00000000624b1000 Uncommon trap -34 fr.pc 0x00000000243396a8
Event: 31.716 Thread 0x00000000624b1000 Uncommon trap -34 fr.pc 0x0000000024215c90
Event: 32.198 Thread 0x00000000624b1000 Uncommon trap -34 fr.pc 0x0000000024335394
Event: 32.198 Thread 0x00000000624b1000 Uncommon trap -83 fr.pc 0x000000002433534c
Event: 32.198 Thread 0x00000000624b1000 Uncommon trap -83 fr.pc 0x000000002433534c
Event: 33.808 Thread 0x0000000023808800 Uncommon trap -58 fr.pc 0x0000000024387190
Event: 33.816 Thread 0x0000000023808800 Uncommon trap -83 fr.pc 0x000000002435e704
Event: 33.826 Thread 0x0000000023808800 Uncommon trap -58 fr.pc 0x0000000024387190
Event: 33.868 Thread 0x000000006284d800 Uncommon trap -58 fr.pc 0x0000000024323cb0

Internal exceptions (10 events):
Event: 34.244 Thread 0x0000000023808800 Threw 0x00000000fa61f9e0 at C:\jdk7u1_64p\jdk7u11\hotspot\src\share\vm\prims\jvm.cpp:1166
Event: 34.244 Thread 0x0000000023808800 Threw 0x00000000fa624928 at C:\jdk7u1_64p\jdk7u11\hotspot\src\share\vm\prims\jvm.cpp:1166
Event: 34.272 Thread 0x0000000023808800 Threw 0x00000000fa625678 at C:\jdk7u1_64p\jdk7u11\hotspot\src\share\vm\prims\jvm.cpp:1166
Event: 34.273 Thread 0x0000000023808800 Threw 0x00000000fa644c68 at C:\jdk7u1_64p\jdk7u11\hotspot\src\share\vm\prims\jvm.cpp:1166
Event: 34.276 Thread 0x0000000023808800 Threw 0x00000000fa6513e0 at C:\jdk7u1_64p\jdk7u11\hotspot\src\share\vm\prims\jvm.cpp:1166
Event: 34.276 Thread 0x0000000023808800 Threw 0x00000000fa6709d0 at C:\jdk7u1_64p\jdk7u11\hotspot\src\share\vm\prims\jvm.cpp:1166
Event: 34.276 Thread 0x0000000023808800 Threw 0x00000000fa673e70 at C:\jdk7u1_64p\jdk7u11\hotspot\src\share\vm\prims\jvm.cpp:1166
Event: 34.277 Thread 0x0000000023808800 Threw 0x00000000fa69cb60 at C:\jdk7u1_64p\jdk7u11\hotspot\src\share\vm\prims\jvm.cpp:1166
Event: 34.277 Thread 0x0000000023808800 Threw 0x00000000fa69f978 at C:\jdk7u1_64p\jdk7u11\hotspot\src\share\vm\prims\jvm.cpp:1166
Event: 34.277 Thread 0x0000000023808800 Threw 0x00000000fa6c7898 at C:\jdk7u1_64p\jdk7u11\hotspot\src\share\vm\prims\jvm.cpp:1166

Events (10 events):
Event: 34.275 loading class 0x00000001058bca40
Event: 34.275 loading class 0x00000001058bca40 done
Event: 34.275 loading class 0x00000001058bcd80
Event: 34.275 loading class 0x00000001058bcd80 done
Event: 34.276 loading class 0x0000000104e7e340
Event: 34.276 loading class 0x0000000104e7e340 done
Event: 34.276 loading class 0x00000001053ccfd0
Event: 34.276 loading class 0x00000001053ccfd0 done
Event: 34.277 loading class 0x00000001053cc8a0
Event: 34.277 loading class 0x00000001053cc8a0 done


Dynamic libraries:
0x0000000140000000 - 0x0000000140029000 	C:\work_station\MATLAB\bin\win64\MATLAB.exe
0x0000000077390000 - 0x0000000077539000 	C:\Windows\SYSTEM32\ntdll.dll
0x0000000077270000 - 0x000000007738f000 	C:\Windows\system32\kernel32.dll
0x000007fefd090000 - 0x000007fefd0fc000 	C:\Windows\system32\KERNELBASE.dll
0x000000006f060000 - 0x000000006f3dc000 	C:\work_station\MATLAB\bin\win64\libmwservices.dll
0x000000006fe80000 - 0x000000006ff56000 	C:\work_station\MATLAB\bin\win64\libmwi18n.dll
0x000000006fe70000 - 0x000000006fe7d000 	C:\work_station\MATLAB\bin\win64\libmwresource_core.dll
0x00000000684b0000 - 0x0000000068548000 	C:\work_station\MATLAB\bin\win64\MSVCP100.dll
0x00000000683d0000 - 0x00000000684a2000 	C:\work_station\MATLAB\bin\win64\MSVCR100.dll
0x0000000000020000 - 0x000000000002e000 	C:\work_station\MATLAB\bin\win64\boost_date_time-vc100-mt-1_49.dll
0x00000000685c0000 - 0x00000000685ec000 	C:\work_station\MATLAB\bin\win64\boost_filesystem-vc100-mt-1_49.dll
0x000000006f410000 - 0x000000006f419000 	C:\work_station\MATLAB\bin\win64\boost_system-vc100-mt-1_49.dll
0x000007fefde60000 - 0x000007fefdf3b000 	C:\Windows\system32\ADVAPI32.dll
0x000007fefdc90000 - 0x000007fefdd2f000 	C:\Windows\system32\msvcrt.dll
0x000007feff4a0000 - 0x000007feff4bf000 	C:\Windows\SYSTEM32\sechost.dll
0x000007fefe4e0000 - 0x000007fefe60d000 	C:\Windows\system32\RPCRT4.dll
0x00000000040d0000 - 0x00000000040f5000 	C:\work_station\MATLAB\bin\win64\LIBEXPAT.dll
0x0000000068240000 - 0x00000000683ca000 	C:\work_station\MATLAB\bin\win64\icuin49.dll
0x0000000068100000 - 0x000000006823e000 	C:\work_station\MATLAB\bin\win64\icuuc49.dll
0x0000000064d30000 - 0x0000000065e52000 	C:\work_station\MATLAB\bin\win64\icudt49.dll
0x000000006eec0000 - 0x000000006eed0000 	C:\work_station\MATLAB\bin\win64\icuio49.dll
0x0000000004240000 - 0x00000000042fb000 	C:\work_station\MATLAB\bin\win64\libut.dll
0x000000006f960000 - 0x000000006fb07000 	C:\work_station\MATLAB\bin\win64\libmwfl.dll
0x0000000004300000 - 0x000000000470f000 	C:\work_station\MATLAB\bin\win64\libmwMATLAB_res.dll
0x0000000068020000 - 0x00000000680ff000 	C:\work_station\MATLAB\bin\win64\boost_regex-vc100-mt-1_49.dll
0x0000000077170000 - 0x000000007726a000 	C:\Windows\system32\USER32.dll
0x000007fefe1e0000 - 0x000007fefe247000 	C:\Windows\system32\GDI32.dll
0x000007fefe1d0000 - 0x000007fefe1de000 	C:\Windows\system32\LPK.dll
0x000007feff4f0000 - 0x000007feff5b9000 	C:\Windows\system32\USP10.dll
0x00000000685a0000 - 0x00000000685b1000 	C:\work_station\MATLAB\bin\win64\boost_signals-vc100-mt-1_49.dll
0x0000000068580000 - 0x0000000068591000 	C:\work_station\MATLAB\bin\win64\boost_thread-vc100-mt-1_49.dll
0x0000000067f90000 - 0x000000006801c000 	C:\work_station\MATLAB\bin\win64\boost_log-vc100-mt-1_49.dll
0x0000000077560000 - 0x0000000077567000 	C:\Windows\system32\PSAPI.DLL
0x000007feff650000 - 0x000007feff69d000 	C:\Windows\system32\WS2_32.dll
0x000007feff4c0000 - 0x000007feff4c8000 	C:\Windows\system32\NSI.dll
0x000007feeb8d0000 - 0x000007feeb903000 	C:\work_station\MATLAB\bin\win64\tbb.dll
0x000007feff4d0000 - 0x000007feff4e9000 	C:\Windows\system32\imagehlp.dll
0x000007fefd050000 - 0x000007fefd07c000 	C:\Windows\system32\POWRPROF.dll
0x000007fefdab0000 - 0x000007fefdc87000 	C:\Windows\system32\SETUPAPI.dll
0x000007fefd1a0000 - 0x000007fefd1d6000 	C:\Windows\system32\CFGMGR32.dll
0x000007fefe400000 - 0x000007fefe4d7000 	C:\Windows\system32\OLEAUT32.dll
0x000007fefd8a0000 - 0x000007fefdaa3000 	C:\Windows\system32\ole32.dll
0x000007fefcf60000 - 0x000007fefcf7a000 	C:\Windows\system32\DEVOBJ.dll
0x0000000004710000 - 0x000000000480b000 	C:\work_station\MATLAB\bin\win64\libmx.dll
0x000007fef31e0000 - 0x000007fef3208000 	C:\work_station\MATLAB\bin\win64\tbbmalloc.dll
0x0000000068560000 - 0x0000000068577000 	C:\work_station\MATLAB\bin\win64\zlib1.dll
0x000000006ef00000 - 0x000000006ef4e000 	C:\work_station\MATLAB\bin\win64\libmwregexp.dll
0x0000000004810000 - 0x0000000004857000 	C:\work_station\MATLAB\bin\win64\mpath.dll
0x0000000004860000 - 0x0000000004e88000 	C:\work_station\MATLAB\bin\win64\mlutil.dll
0x000000006e870000 - 0x000000006e8e7000 	C:\work_station\MATLAB\bin\win64\xmlcore.dll
0x0000000067d40000 - 0x0000000067f81000 	C:\work_station\MATLAB\bin\win64\xerces-c_2_7.dll
0x000000006e5f0000 - 0x000000006e613000 	C:\work_station\MATLAB\bin\win64\libmwMATLAB_settings_res.dll
0x000000006f400000 - 0x000000006f410000 	C:\work_station\MATLAB\bin\win64\boost_iostreams-vc100-mt-1_49.dll
0x0000000067cf0000 - 0x0000000067d36000 	C:\work_station\MATLAB\bin\win64\boost_serialization-vc100-mt-1_49.dll
0x000007fefe710000 - 0x000007feff498000 	C:\Windows\system32\SHELL32.dll
0x000007fefe150000 - 0x000007fefe1c1000 	C:\Windows\system32\SHLWAPI.dll
0x000000006e580000 - 0x000000006e586000 	C:\work_station\MATLAB\bin\win64\libmwnativedisplay.dll
0x00000000685f0000 - 0x000000006863d000 	C:\work_station\MATLAB\bin\win64\opccore.dll
0x0000000004ea0000 - 0x0000000004f76000 	C:\work_station\MATLAB\bin\win64\opcmodel.dll
0x0000000004f80000 - 0x0000000004fad000 	C:\work_station\MATLAB\bin\win64\opczippackage.dll
0x0000000068550000 - 0x000000006855e000 	C:\work_station\MATLAB\bin\win64\libminizip.dll
0x0000000004fb0000 - 0x0000000005016000 	C:\work_station\MATLAB\bin\win64\opcmwservices.dll
0x000007fefa6d0000 - 0x000007fefa770000 	C:\Windows\WinSxS\amd64_microsoft.windows.common-controls_6595b64144ccf1df_5.82.7601.18201_none_a4d3b9377117c3df\COMCTL32.dll
0x000007fefe250000 - 0x000007fefe2e7000 	C:\Windows\system32\COMDLG32.dll
0x000007fefafb0000 - 0x000007fefafc6000 	C:\Windows\system32\NETAPI32.dll
0x000007fefafa0000 - 0x000007fefafac000 	C:\Windows\system32\netutils.dll
0x000007fefc9e0000 - 0x000007fefca03000 	C:\Windows\system32\srvcli.dll
0x000007fefaf80000 - 0x000007fefaf95000 	C:\Windows\system32\wkscli.dll
0x000000006e4d0000 - 0x000000006e57d000 	C:\work_station\MATLAB\bin\win64\mcr.dll
0x000000006e110000 - 0x000000006e4d0000 	C:\work_station\MATLAB\bin\win64\iqm.dll
0x0000000180000000 - 0x00000001800c2000 	C:\work_station\MATLAB\bin\win64\m_dispatcher.dll
0x0000000005020000 - 0x000000000581b000 	C:\work_station\MATLAB\bin\win64\m_interpreter.dll
0x000000006d760000 - 0x000000006d784000 	C:\work_station\MATLAB\bin\win64\libmex.dll
0x000000006d6e0000 - 0x000000006d75b000 	C:\work_station\MATLAB\bin\win64\profiler.dll
0x000000006d450000 - 0x000000006d5c8000 	C:\work_station\MATLAB\bin\win64\libmwmathutil.dll
0x000000006d420000 - 0x000000006d447000 	C:\work_station\MATLAB\bin\win64\libmwmathrng.dll
0x000000006d410000 - 0x000000006d420000 	C:\work_station\MATLAB\bin\win64\libmwmfl_rng.dll
0x0000000005820000 - 0x0000000005938000 	C:\work_station\MATLAB\bin\win64\libmwmathcore.dll
0x000000006d2b0000 - 0x000000006d313000 	C:\work_station\MATLAB\bin\win64\libmwspmatrix.dll
0x0000000005940000 - 0x0000000005ba2000 	C:\work_station\MATLAB\bin\win64\mcos.dll
0x000000006cfc0000 - 0x000000006d01c000 	C:\work_station\MATLAB\bin\win64\libmwcholmod.dll
0x000000006cfb0000 - 0x000000006cfbc000 	C:\work_station\MATLAB\bin\win64\libmwamd.dll
0x000000006cfa0000 - 0x000000006cfab000 	C:\work_station\MATLAB\bin\win64\libmwcolamd.dll
0x000000006cf80000 - 0x000000006cf93000 	C:\work_station\MATLAB\bin\win64\libmwblas.dll
0x000000006cf60000 - 0x000000006cf75000 	C:\work_station\MATLAB\bin\win64\libmwbinder.dll
0x000000006cf50000 - 0x000000006cf5b000 	C:\work_station\MATLAB\bin\win64\libmwompwrapper.dll
0x000000006ced0000 - 0x000000006cf4f000 	C:\work_station\MATLAB\bin\win64\libmwlapack.dll
0x000000006ceb0000 - 0x000000006ced0000 	C:\work_station\MATLAB\bin\win64\m_pcodeio.dll
0x000000006ce50000 - 0x000000006ceac000 	C:\work_station\MATLAB\bin\win64\m_ir.dll
0x0000000005bb0000 - 0x0000000006265000 	C:\work_station\MATLAB\bin\win64\m_parser.dll
0x000000006c780000 - 0x000000006c797000 	C:\work_station\MATLAB\bin\win64\ir_xfmr.dll
0x000000006c770000 - 0x000000006c780000 	C:\work_station\MATLAB\bin\win64\mtok.dll
0x000000006c740000 - 0x000000006c768000 	C:\work_station\MATLAB\bin\win64\m_pcodegen.dll
0x000007fef7fb0000 - 0x000007fef80d5000 	C:\Windows\system32\dbghelp.dll
0x000000006c710000 - 0x000000006c73f000 	C:\work_station\MATLAB\bin\win64\libmwbridge.dll
0x000000006c650000 - 0x000000006c706000 	C:\work_station\MATLAB\bin\win64\udd.dll
0x0000000006270000 - 0x00000000063c1000 	C:\work_station\MATLAB\bin\win64\libmwgui.dll
0x000000006c4d0000 - 0x000000006c4f8000 	C:\work_station\MATLAB\bin\win64\graphics_util.dll
0x0000000067b70000 - 0x0000000067c28000 	C:\work_station\MATLAB\bin\win64\libtex_base.dll
0x000000006bac0000 - 0x000000006c426000 	C:\work_station\MATLAB\bin\win64\hg.dll
0x000000006ba60000 - 0x000000006babd000 	C:\work_station\MATLAB\bin\win64\libmat.dll
0x000000006b850000 - 0x000000006ba58000 	C:\work_station\MATLAB\bin\win64\hdf5dll.dll
0x000000006b780000 - 0x000000006b848000 	C:\work_station\MATLAB\bin\win64\jmi.dll
0x000000006b770000 - 0x000000006b77e000 	C:\work_station\MATLAB\bin\win64\nativejava_services.dll
0x00000000063e0000 - 0x0000000006422000 	C:\work_station\MATLAB\bin\win64\libmwhardcopy.dll
0x000000006b6d0000 - 0x000000006b72e000 	C:\work_station\MATLAB\bin\win64\libuij.dll
0x000000006b490000 - 0x000000006b695000 	C:\work_station\MATLAB\bin\win64\hgdatatypes.dll
0x0000000006430000 - 0x0000000006542000 	C:\work_station\MATLAB\bin\win64\hgutils.dll
0x000000006b2f0000 - 0x000000006b39e000 	C:\work_station\MATLAB\bin\win64\udd_mi.dll
0x000000006b2b0000 - 0x000000006b2e6000 	C:\work_station\MATLAB\bin\win64\libmwgbtutils.dll
0x000000006b290000 - 0x000000006b2a3000 	C:\work_station\MATLAB\bin\win64\libmwgbt.dll
0x000000006afc0000 - 0x000000006b28f000 	C:\work_station\MATLAB\bin\win64\uiw.dll
0x000000006afb0000 - 0x000000006afb9000 	C:\work_station\MATLAB\bin\win64\uinone.dll
0x000000006af80000 - 0x000000006afac000 	C:\work_station\MATLAB\bin\win64\libmwnativedialogs.dll
0x000000006af70000 - 0x000000006af7c000 	C:\work_station\MATLAB\bin\win64\libmwplatform_res.dll
0x000007fef89d0000 - 0x000007fef89e8000 	C:\Windows\system32\MPR.dll
0x0000000066a30000 - 0x0000000066f8d000 	C:\work_station\MATLAB\bin\win64\mfc100.dll
0x000007feface0000 - 0x000007feface7000 	C:\Windows\system32\MSIMG32.dll
0x000007fef9810000 - 0x000007fef9881000 	C:\Windows\system32\WINSPOOL.DRV
0x000000006af50000 - 0x000000006af6d000 	C:\work_station\MATLAB\bin\win64\mwoles05.DLL
0x000000006aee0000 - 0x000000006af4c000 	C:\work_station\MATLAB\bin\win64\comcli.dll
0x0000000067cc0000 - 0x0000000067ceb000 	C:\work_station\MATLAB\bin\win64\ATL100.DLL
0x000000006aed0000 - 0x000000006aedc000 	C:\work_station\MATLAB\bin\win64\mlautoregister.dll
0x0000000006560000 - 0x00000000066cf000 	C:\work_station\MATLAB\bin\win64\mvm.dll
0x000007fefde30000 - 0x000007fefde5e000 	C:\Windows\system32\IMM32.DLL
0x000007fefe2f0000 - 0x000007fefe3f9000 	C:\Windows\system32\MSCTF.dll
0x000007fefb780000 - 0x000007fefb7d6000 	C:\Windows\system32\UxTheme.dll
0x000007fefcf40000 - 0x000007fefcf58000 	C:\Windows\system32\dwmapi.dll

VM Arguments:
jvm_args: -XX:PermSize=32m -Xms64m -XX:NewRatio=3 -XX:MaxPermSize=128m -Xmx384m -XX:MaxDirectMemorySize=2147400000 -Dsun.java2d.noddraw=true -Dsun.awt.nopixfmt=true -Xshare:off -Xrs -XX:-UseSplitVerifier -Djava.library.path=C:\work_station\MATLAB\bin\win64;C:\work_station\MATLAB\sys\jxbrowser\win64\lib vfprintf abort -Duser.language=zh -Duser.country=CN -XX:ParallelGCThreads=6 
java_command: <unknown>
Launcher Type: generic

Environment Variables:
PATH=E:\FPGA\SOC\Quartus\quartus\bin64;C:\Program Files (x86)\NVIDIA Corporation\PhysX\Common;C:\Program Files (x86)\PC Connectivity Solution\;C:\Program Files (x86)\WiT8.0 Demo\bin;C:\Program Files (x86)\Intel\iCLS Client\;C:\Program Files\Intel\iCLS Client\;C:\Windows\system32;C:\Windows;C:\Windows\System32\Wbem;C:\Windows\System32\WindowsPowerShell\v1.0\;C:\Program Files\Intel\Intel(R) Management Engine Components\DAL;C:\Program Files\Intel\Intel(R) Management Engine Components\IPT;C:\Program Files (x86)\Intel\Intel(R) Management Engine Components\DAL;C:\Program Files (x86)\Intel\Intel(R) Management Engine Components\IPT;C:\work_station\MATLAB\runtime\win64;C:\work_station\MATLAB\bin;C:\work_station\MATLAB\polyspace\bin;C:\Program Files (x86)\Microsoft SQL Server\100\Tools\Binn\;C:\Program Files\Microsoft SQL Server\100\Tools\Binn\;C:\Program Files\Microsoft SQL Server\100\DTS\Binn\;C:\Program Files (x86)\IVI Foundation\VISA\WinNT\Bin\;C:\Program Files\IVI Foundation\VISA\Win64\Bin\;C:\Program Files (x86)\IVI Foundation\VISA\WinNT\Bin;C:\work_station\FPGA\Quartus\quartus\modelsim_ase\win32aloem;C:\work_station\FPGA\modelsim\win64
USERNAME=Given_Jiang
OS=Windows_NT
PROCESSOR_IDENTIFIER=Intel64 Family 6 Model 42 Stepping 5, GenuineIntel



---------------  S Y S T E M  ---------------

OS: Windows 7 , 64 bit Build 7601 Service Pack 1

CPU:total 8 (4 cores per cpu, 2 threads per core) family 6 model 42 stepping 5, cmov, cx8, fxsr, mmx, sse, sse2, sse3, ssse3, sse4.1, sse4.2, popcnt, avx, ht, tsc, tscinvbit

Memory: 4k page, physical 8365596k(4461688k free), swap 16729336k(12164468k free)

vm_info: Java HotSpot(TM) 64-Bit Server VM (23.6-b04) for windows-amd64 JRE (1.7.0_11-b21), built on Jan 12 2013 02:38:42 by "java_re" with unknown MS VC++:1600

time: Thu Feb 12 08:49:51 2015
elapsed time: 34 seconds

